<?xml version="1.0" encoding="UTF-8"?>
<testsuite name="uscha-acceptance" tests="33" failures="0" errors="0" skipped="0">
  <testcase classname="uscha.acceptance" name="AC-01_twins_byte_identical">
  </testcase>
  <testcase classname="uscha.acceptance" name="AC-02_version_surfaces_agree">
  </testcase>
  <testcase classname="uscha.acceptance" name="AC-03_no_client_references">
  </testcase>
  <testcase classname="uscha.acceptance" name="AC-04_engine_model_agnostic">
  </testcase>
  <testcase classname="uscha.acceptance" name="AC-05_doc_es_en_twins">
  </testcase>
  <testcase classname="uscha.acceptance" name="AC-06_smoke_suite_green">
  </testcase>
  <testcase classname="uscha.acceptance" name="AC-FP-01_fastpath">
  </testcase>
  <testcase classname="uscha.acceptance" name="AC-FP-02_fastpath">
  </testcase>
  <testcase classname="uscha.acceptance" name="AC-FP-03_fastpath">
  </testcase>
  <testcase classname="uscha.acceptance" name="AC-FP-05_fastpath">
  </testcase>
  <testcase classname="uscha.acceptance" name="AC-FP-06_fastpath">
  </testcase>
  <testcase classname="uscha.acceptance" name="AC-FP-07_fastpath">
  </testcase>
  <testcase classname="uscha.acceptance" name="AC-FP-08_fastpath">
  </testcase>
  <testcase classname="uscha.acceptance" name="AC-FP-09_fastpath">
  </testcase>
  <testcase classname="uscha.acceptance" name="AC-FP-10_fastpath">
  </testcase>
  <testcase classname="uscha.acceptance" name="AC-FP-11_fastpath">
  </testcase>
  <testcase classname="uscha.acceptance" name="AC-SD-01_specdrift">
  </testcase>
  <testcase classname="uscha.acceptance" name="AC-SD-02_specdrift">
  </testcase>
  <testcase classname="uscha.acceptance" name="AC-SD-03_specdrift">
  </testcase>
  <testcase classname="uscha.acceptance" name="AC-SD-04_specdrift">
  </testcase>
  <testcase classname="uscha.acceptance" name="AC-GM-01_goldencov">
  </testcase>
  <testcase classname="uscha.acceptance" name="AC-GM-02_goldencov">
  </testcase>
  <testcase classname="uscha.acceptance" name="AC-GM-03_goldencov">
  </testcase>
  <testcase classname="uscha.acceptance" name="AC-GM-04_goldencov">
  </testcase>
  <testcase classname="uscha.acceptance" name="AC-GM-05_goldencov">
  </testcase>
  <testcase classname="uscha.acceptance" name="AC-GM-06_goldencov">
  </testcase>
  <testcase classname="uscha.acceptance" name="AC-GM-07_goldencov">
  </testcase>
  <testcase classname="uscha.acceptance" name="AC-GM-08_goldencov">
  </testcase>
  <testcase classname="uscha.acceptance" name="AC-EP-01_evidence-origin">
  </testcase>
  <testcase classname="uscha.acceptance" name="AC-EP-02_evidence-origin">
  </testcase>
  <testcase classname="uscha.acceptance" name="AC-EP-03_evidence-origin">
  </testcase>
  <testcase classname="uscha.acceptance" name="AC-EP-04_evidence-origin">
  </testcase>
  <testcase classname="uscha.acceptance" name="AC-EP-05_evidence-origin">
  </testcase>
</testsuite>
