<?xml version="1.0" encoding="UTF-8"?>
<testsuite name="uscha-acceptance" tests="129" failures="0" errors="0" skipped="0">
  <testcase classname="uscha.acceptance" name="AC-01_twins_byte_identical">
  </testcase>
  <testcase classname="uscha.acceptance" name="AC-02_version_surfaces_agree">
  </testcase>
  <testcase classname="uscha.acceptance" name="AC-03_no_client_references">
  </testcase>
  <testcase classname="uscha.acceptance" name="AC-04_engine_model_agnostic">
  </testcase>
  <testcase classname="uscha.acceptance" name="AC-05_doc_es_en_twins">
  </testcase>
  <testcase classname="uscha.acceptance" name="AC-06_smoke_suite_green">
  </testcase>
  <testcase classname="uscha.acceptance" name="AC-FP-01_fastpath">
  </testcase>
  <testcase classname="uscha.acceptance" name="AC-FP-02_fastpath">
  </testcase>
  <testcase classname="uscha.acceptance" name="AC-FP-03_fastpath">
  </testcase>
  <testcase classname="uscha.acceptance" name="AC-FP-05_fastpath">
  </testcase>
  <testcase classname="uscha.acceptance" name="AC-FP-06_fastpath">
  </testcase>
  <testcase classname="uscha.acceptance" name="AC-FP-07_fastpath">
  </testcase>
  <testcase classname="uscha.acceptance" name="AC-FP-08_fastpath">
  </testcase>
  <testcase classname="uscha.acceptance" name="AC-FP-09_fastpath">
  </testcase>
  <testcase classname="uscha.acceptance" name="AC-FP-10_fastpath">
  </testcase>
  <testcase classname="uscha.acceptance" name="AC-FP-11_fastpath">
  </testcase>
  <testcase classname="uscha.acceptance" name="AC-SD-01_specdrift">
  </testcase>
  <testcase classname="uscha.acceptance" name="AC-SD-02_specdrift">
  </testcase>
  <testcase classname="uscha.acceptance" name="AC-SD-03_specdrift">
  </testcase>
  <testcase classname="uscha.acceptance" name="AC-SD-04_specdrift">
  </testcase>
  <testcase classname="uscha.acceptance" name="AC-SD-05_specdrift">
  </testcase>
  <testcase classname="uscha.acceptance" name="AC-GM-01_goldencov">
  </testcase>
  <testcase classname="uscha.acceptance" name="AC-GM-02_goldencov">
  </testcase>
  <testcase classname="uscha.acceptance" name="AC-GM-03_goldencov">
  </testcase>
  <testcase classname="uscha.acceptance" name="AC-GM-04_goldencov">
  </testcase>
  <testcase classname="uscha.acceptance" name="AC-GM-05_goldencov">
  </testcase>
  <testcase classname="uscha.acceptance" name="AC-GM-06_goldencov">
  </testcase>
  <testcase classname="uscha.acceptance" name="AC-GM-07_goldencov">
  </testcase>
  <testcase classname="uscha.acceptance" name="AC-GM-08_goldencov">
  </testcase>
  <testcase classname="uscha.acceptance" name="AC-EP-01_evidence-origin">
  </testcase>
  <testcase classname="uscha.acceptance" name="AC-EP-02_evidence-origin">
  </testcase>
  <testcase classname="uscha.acceptance" name="AC-EP-03_evidence-origin">
  </testcase>
  <testcase classname="uscha.acceptance" name="AC-EP-04_evidence-origin">
  </testcase>
  <testcase classname="uscha.acceptance" name="AC-EP-05_evidence-origin">
  </testcase>
  <testcase classname="uscha.acceptance" name="AC-CR-01_cleanroom">
  </testcase>
  <testcase classname="uscha.acceptance" name="AC-CR-02_cleanroom">
  </testcase>
  <testcase classname="uscha.acceptance" name="AC-CR-03_cleanroom">
  </testcase>
  <testcase classname="uscha.acceptance" name="AC-CR-04_cleanroom">
  </testcase>
  <testcase classname="uscha.acceptance" name="AC-CR-05_cleanroom">
  </testcase>
  <testcase classname="uscha.acceptance" name="AC-CR-06_cleanroom">
  </testcase>
  <testcase classname="uscha.acceptance" name="AC-CR-07_cleanroom">
  </testcase>
  <testcase classname="uscha.acceptance" name="AC-CR-08_cleanroom">
  </testcase>
  <testcase classname="uscha.acceptance" name="AC-RD-01_curation">
  </testcase>
  <testcase classname="uscha.acceptance" name="AC-RD-02_curation">
  </testcase>
  <testcase classname="uscha.acceptance" name="AC-RD-03_curation">
  </testcase>
  <testcase classname="uscha.acceptance" name="AC-RD-04_curation">
  </testcase>
  <testcase classname="uscha.acceptance" name="AC-RD-05_curation">
  </testcase>
  <testcase classname="uscha.acceptance" name="AC-RD-06_curation">
  </testcase>
  <testcase classname="uscha.acceptance" name="AC-RD-07_curation">
  </testcase>
  <testcase classname="uscha.acceptance" name="AC-RD-13_curation">
  </testcase>
  <testcase classname="uscha.acceptance" name="AC-RD-08_oracle">
  </testcase>
  <testcase classname="uscha.acceptance" name="AC-RD-09_oracle">
  </testcase>
  <testcase classname="uscha.acceptance" name="AC-RD-10_oracle">
  </testcase>
  <testcase classname="uscha.acceptance" name="AC-RD-11_oracle">
  </testcase>
  <testcase classname="uscha.acceptance" name="AC-RD-12_oracle">
  </testcase>
  <testcase classname="uscha.acceptance" name="AC-SF-01_system-facts">
  </testcase>
  <testcase classname="uscha.acceptance" name="AC-SF-02_system-facts">
  </testcase>
  <testcase classname="uscha.acceptance" name="AC-SF-03_system-facts">
  </testcase>
  <testcase classname="uscha.acceptance" name="AC-SF-04_system-facts">
  </testcase>
  <testcase classname="uscha.acceptance" name="AC-SF-05_system-facts">
  </testcase>
  <testcase classname="uscha.acceptance" name="AC-DD-01_candidate-delta">
  </testcase>
  <testcase classname="uscha.acceptance" name="AC-DD-02_candidate-delta">
  </testcase>
  <testcase classname="uscha.acceptance" name="AC-DD-03_candidate-delta">
  </testcase>
  <testcase classname="uscha.acceptance" name="AC-DD-04_candidate-delta">
  </testcase>
  <testcase classname="uscha.acceptance" name="AC-DD-05_candidate-delta">
  </testcase>
  <testcase classname="uscha.acceptance" name="AC-DD-06_candidate-delta">
  </testcase>
  <testcase classname="uscha.acceptance" name="AC-DD-07_candidate-delta">
  </testcase>
  <testcase classname="uscha.acceptance" name="AC-CU-01_candidate-delta">
  </testcase>
  <testcase classname="uscha.acceptance" name="AC-CU-02_candidate-delta">
  </testcase>
  <testcase classname="uscha.acceptance" name="AC-CU-03_candidate-delta">
  </testcase>
  <testcase classname="uscha.acceptance" name="AC-CU-04_candidate-delta">
  </testcase>
  <testcase classname="uscha.acceptance" name="AC-CU-05_candidate-delta">
  </testcase>
  <testcase classname="uscha.acceptance" name="AC-CU-06_candidate-delta">
  </testcase>
  <testcase classname="uscha.acceptance" name="AC-FV-01_fidelity">
  </testcase>
  <testcase classname="uscha.acceptance" name="AC-FV-02_fidelity">
  </testcase>
  <testcase classname="uscha.acceptance" name="AC-FV-03_fidelity">
  </testcase>
  <testcase classname="uscha.acceptance" name="AC-FV-04_fidelity">
  </testcase>
  <testcase classname="uscha.acceptance" name="AC-FV-05_fidelity">
  </testcase>
  <testcase classname="uscha.acceptance" name="AC-FV-06_fidelity">
  </testcase>
  <testcase classname="uscha.acceptance" name="AC-IR-01_ir">
  </testcase>
  <testcase classname="uscha.acceptance" name="AC-IR-02_ir">
  </testcase>
  <testcase classname="uscha.acceptance" name="AC-IR-03_ir">
  </testcase>
  <testcase classname="uscha.acceptance" name="AC-IR-04_ir">
  </testcase>
  <testcase classname="uscha.acceptance" name="AC-IR-05_ir">
  </testcase>
  <testcase classname="uscha.acceptance" name="AC-IR-06_ir">
  </testcase>
  <testcase classname="uscha.acceptance" name="AC-CC-01_compile">
  </testcase>
  <testcase classname="uscha.acceptance" name="AC-CC-02_compile">
  </testcase>
  <testcase classname="uscha.acceptance" name="AC-CC-03_compile">
  </testcase>
  <testcase classname="uscha.acceptance" name="AC-CC-04_compile">
  </testcase>
  <testcase classname="uscha.acceptance" name="AC-CC-05_compile">
  </testcase>
  <testcase classname="uscha.acceptance" name="AC-CC-06_compile">
  </testcase>
  <testcase classname="uscha.acceptance" name="AC-CC-07_compile">
  </testcase>
  <testcase classname="uscha.acceptance" name="AC-BS-01_bootstrap">
  </testcase>
  <testcase classname="uscha.acceptance" name="AC-BS-02_bootstrap">
  </testcase>
  <testcase classname="uscha.acceptance" name="AC-BS-03_bootstrap">
  </testcase>
  <testcase classname="uscha.acceptance" name="AC-BS-04_bootstrap">
  </testcase>
  <testcase classname="uscha.acceptance" name="AC-BS-05_bootstrap">
  </testcase>
  <testcase classname="uscha.acceptance" name="AC-BS-06_bootstrap">
  </testcase>
  <testcase classname="uscha.acceptance" name="AC-DB-01_bench">
  </testcase>
  <testcase classname="uscha.acceptance" name="AC-DB-02_bench">
  </testcase>
  <testcase classname="uscha.acceptance" name="AC-DB-03_bench">
  </testcase>
  <testcase classname="uscha.acceptance" name="AC-DB-04_bench">
  </testcase>
  <testcase classname="uscha.acceptance" name="AC-DB-05_bench">
  </testcase>
  <testcase classname="uscha.acceptance" name="AC-DB-06_bench">
  </testcase>
  <testcase classname="uscha.acceptance" name="AC-BG-01_bench">
  </testcase>
  <testcase classname="uscha.acceptance" name="AC-BG-02_bench">
  </testcase>
  <testcase classname="uscha.acceptance" name="AC-BG-03_bench">
  </testcase>
  <testcase classname="uscha.acceptance" name="AC-BG-04_bench">
  </testcase>
  <testcase classname="uscha.acceptance" name="AC-BG-05_bench">
  </testcase>
  <testcase classname="uscha.acceptance" name="AC-FC-01_bench">
  </testcase>
  <testcase classname="uscha.acceptance" name="AC-FC-02_bench">
  </testcase>
  <testcase classname="uscha.acceptance" name="AC-FC-03_bench">
  </testcase>
  <testcase classname="uscha.acceptance" name="AC-BC-01_bench-curation">
  </testcase>
  <testcase classname="uscha.acceptance" name="AC-BC-02_bench-curation">
  </testcase>
  <testcase classname="uscha.acceptance" name="AC-BC-03_bench-curation">
  </testcase>
  <testcase classname="uscha.acceptance" name="AC-BC-04_bench-curation">
  </testcase>
  <testcase classname="uscha.acceptance" name="AC-CL-01_controlled-language">
  </testcase>
  <testcase classname="uscha.acceptance" name="AC-CL-02_controlled-language">
  </testcase>
  <testcase classname="uscha.acceptance" name="AC-CL-03_controlled-language">
  </testcase>
  <testcase classname="uscha.acceptance" name="AC-CL-04_controlled-language">
  </testcase>
  <testcase classname="uscha.acceptance" name="AC-CL-05_controlled-language">
  </testcase>
  <testcase classname="uscha.acceptance" name="AC-CL-06_controlled-language">
  </testcase>
  <testcase classname="uscha.acceptance" name="AC-CL2-01_controlled-language">
  </testcase>
  <testcase classname="uscha.acceptance" name="AC-CL2-02_controlled-language">
  </testcase>
  <testcase classname="uscha.acceptance" name="AC-CL2-03_controlled-language">
  </testcase>
  <testcase classname="uscha.acceptance" name="AC-CL2-04_controlled-language">
  </testcase>
  <testcase classname="uscha.acceptance" name="AC-CL3-01_controlled-language-v03">
  </testcase>
  <testcase classname="uscha.acceptance" name="AC-CL3-02_controlled-language-v03">
  </testcase>
  <testcase classname="uscha.acceptance" name="AC-CL3-03_controlled-language-v03">
  </testcase>
</testsuite>
