<?xml version="1.0" ?>
<coverage version="7.15.0" timestamp="1784842114750" lines-valid="3788" lines-covered="3191" line-rate="0.8424" branches-covered="0" branches-valid="0" branch-rate="0" complexity="0">
	<!-- Generated by coverage.py: https://coverage.readthedocs.io/en/7.15.0 -->
	<!-- Based on https://raw.githubusercontent.com/cobertura/web/master/htdocs/xml/coverage-04.dtd -->
	<sources>
		<source>C:\Work\AI\SpecLoop</source>
	</sources>
	<packages>
		<package name="uscha-kit..claude.skills.uscha-devloop" line-rate="0.8424" branch-rate="0" complexity="0">
			<classes>
				<class name="qa_ledger.py" filename="uscha-kit/.claude/skills/uscha-devloop/qa_ledger.py" complexity="0" line-rate="0.8424" branch-rate="0">
					<methods/>
					<lines>
						<line number="54" hits="1"/>
						<line number="55" hits="1"/>
						<line number="56" hits="1"/>
						<line number="57" hits="1"/>
						<line number="58" hits="1"/>
						<line number="59" hits="1"/>
						<line number="60" hits="1"/>
						<line number="61" hits="1"/>
						<line number="62" hits="1"/>
						<line number="63" hits="1"/>
						<line number="64" hits="1"/>
						<line number="65" hits="1"/>
						<line number="67" hits="1"/>
						<line number="70" hits="1"/>
						<line number="80" hits="1"/>
						<line number="99" hits="1"/>
						<line number="100" hits="1"/>
						<line number="103" hits="1"/>
						<line number="106" hits="1"/>
						<line number="107" hits="1"/>
						<line number="108" hits="1"/>
						<line number="111" hits="1"/>
						<line number="119" hits="1"/>
						<line number="120" hits="1"/>
						<line number="121" hits="1"/>
						<line number="122" hits="1"/>
						<line number="123" hits="1"/>
						<line number="127" hits="1"/>
						<line number="128" hits="1"/>
						<line number="129" hits="1"/>
						<line number="130" hits="1"/>
						<line number="131" hits="1"/>
						<line number="137" hits="1"/>
						<line number="140" hits="1"/>
						<line number="141" hits="1"/>
						<line number="143" hits="1"/>
						<line number="144" hits="1"/>
						<line number="145" hits="1"/>
						<line number="146" hits="1"/>
						<line number="147" hits="1"/>
						<line number="150" hits="1"/>
						<line number="151" hits="1"/>
						<line number="152" hits="1"/>
						<line number="153" hits="1"/>
						<line number="154" hits="1"/>
						<line number="155" hits="1"/>
						<line number="158" hits="1"/>
						<line number="159" hits="1"/>
						<line number="160" hits="1"/>
						<line number="161" hits="1"/>
						<line number="162" hits="0"/>
						<line number="168" hits="1"/>
						<line number="170" hits="1"/>
						<line number="171" hits="1"/>
						<line number="172" hits="0"/>
						<line number="173" hits="0"/>
						<line number="174" hits="1"/>
						<line number="175" hits="1"/>
						<line number="176" hits="1"/>
						<line number="177" hits="0"/>
						<line number="180" hits="1"/>
						<line number="185" hits="1"/>
						<line number="188" hits="1"/>
						<line number="189" hits="0"/>
						<line number="191" hits="1"/>
						<line number="194" hits="1"/>
						<line number="195" hits="1"/>
						<line number="196" hits="1"/>
						<line number="197" hits="1"/>
						<line number="198" hits="1"/>
						<line number="199" hits="1"/>
						<line number="200" hits="1"/>
						<line number="201" hits="1"/>
						<line number="205" hits="1"/>
						<line number="208" hits="1"/>
						<line number="210" hits="1"/>
						<line number="211" hits="1"/>
						<line number="212" hits="1"/>
						<line number="213" hits="1"/>
						<line number="214" hits="1"/>
						<line number="215" hits="1"/>
						<line number="216" hits="1"/>
						<line number="217" hits="1"/>
						<line number="218" hits="1"/>
						<line number="219" hits="0"/>
						<line number="220" hits="0"/>
						<line number="221" hits="1"/>
						<line number="222" hits="1"/>
						<line number="226" hits="1"/>
						<line number="232" hits="1"/>
						<line number="235" hits="1"/>
						<line number="236" hits="1"/>
						<line number="237" hits="1"/>
						<line number="238" hits="1"/>
						<line number="239" hits="0"/>
						<line number="240" hits="0"/>
						<line number="241" hits="1"/>
						<line number="242" hits="1"/>
						<line number="245" hits="0"/>
						<line number="246" hits="1"/>
						<line number="247" hits="1"/>
						<line number="248" hits="0"/>
						<line number="249" hits="0"/>
						<line number="250" hits="1"/>
						<line number="251" hits="1"/>
						<line number="255" hits="1"/>
						<line number="261" hits="1"/>
						<line number="265" hits="1"/>
						<line number="266" hits="1"/>
						<line number="270" hits="1"/>
						<line number="271" hits="1"/>
						<line number="272" hits="1"/>
						<line number="273" hits="1"/>
						<line number="274" hits="1"/>
						<line number="275" hits="1"/>
						<line number="276" hits="1"/>
						<line number="277" hits="1"/>
						<line number="278" hits="1"/>
						<line number="279" hits="0"/>
						<line number="280" hits="1"/>
						<line number="281" hits="1"/>
						<line number="282" hits="0"/>
						<line number="283" hits="0"/>
						<line number="284" hits="1"/>
						<line number="285" hits="1"/>
						<line number="286" hits="0"/>
						<line number="287" hits="0"/>
						<line number="288" hits="1"/>
						<line number="289" hits="1"/>
						<line number="290" hits="1"/>
						<line number="291" hits="1"/>
						<line number="295" hits="1"/>
						<line number="299" hits="1"/>
						<line number="301" hits="1"/>
						<line number="302" hits="1"/>
						<line number="304" hits="1"/>
						<line number="305" hits="1"/>
						<line number="306" hits="1"/>
						<line number="307" hits="1"/>
						<line number="308" hits="1"/>
						<line number="309" hits="1"/>
						<line number="310" hits="1"/>
						<line number="311" hits="1"/>
						<line number="315" hits="1"/>
						<line number="319" hits="0"/>
						<line number="320" hits="0"/>
						<line number="321" hits="0"/>
						<line number="322" hits="0"/>
						<line number="323" hits="0"/>
						<line number="324" hits="0"/>
						<line number="325" hits="0"/>
						<line number="326" hits="0"/>
						<line number="327" hits="0"/>
						<line number="331" hits="1"/>
						<line number="332" hits="1"/>
						<line number="333" hits="0"/>
						<line number="334" hits="1"/>
						<line number="335" hits="1"/>
						<line number="336" hits="1"/>
						<line number="337" hits="1"/>
						<line number="338" hits="1"/>
						<line number="339" hits="1"/>
						<line number="340" hits="1"/>
						<line number="341" hits="1"/>
						<line number="343" hits="1"/>
						<line number="349" hits="1"/>
						<line number="350" hits="1"/>
						<line number="352" hits="1"/>
						<line number="355" hits="1"/>
						<line number="356" hits="1"/>
						<line number="357" hits="1"/>
						<line number="358" hits="1"/>
						<line number="359" hits="1"/>
						<line number="360" hits="1"/>
						<line number="361" hits="1"/>
						<line number="362" hits="0"/>
						<line number="363" hits="1"/>
						<line number="364" hits="1"/>
						<line number="365" hits="1"/>
						<line number="367" hits="1"/>
						<line number="369" hits="1"/>
						<line number="372" hits="1"/>
						<line number="373" hits="1"/>
						<line number="374" hits="1"/>
						<line number="375" hits="0"/>
						<line number="376" hits="0"/>
						<line number="377" hits="1"/>
						<line number="378" hits="1"/>
						<line number="379" hits="1"/>
						<line number="382" hits="1"/>
						<line number="383" hits="1"/>
						<line number="385" hits="1"/>
						<line number="392" hits="1"/>
						<line number="393" hits="1"/>
						<line number="394" hits="1"/>
						<line number="395" hits="1"/>
						<line number="396" hits="0"/>
						<line number="397" hits="1"/>
						<line number="398" hits="1"/>
						<line number="399" hits="1"/>
						<line number="400" hits="1"/>
						<line number="401" hits="0"/>
						<line number="402" hits="1"/>
						<line number="403" hits="1"/>
						<line number="404" hits="1"/>
						<line number="405" hits="1"/>
						<line number="406" hits="1"/>
						<line number="412" hits="1"/>
						<line number="413" hits="1"/>
						<line number="415" hits="1"/>
						<line number="422" hits="1"/>
						<line number="426" hits="1"/>
						<line number="429" hits="0"/>
						<line number="430" hits="0"/>
						<line number="431" hits="0"/>
						<line number="432" hits="0"/>
						<line number="433" hits="0"/>
						<line number="436" hits="1"/>
						<line number="439" hits="0"/>
						<line number="444" hits="1"/>
						<line number="447" hits="1"/>
						<line number="448" hits="1"/>
						<line number="449" hits="1"/>
						<line number="450" hits="1"/>
						<line number="451" hits="1"/>
						<line number="452" hits="1"/>
						<line number="453" hits="1"/>
						<line number="454" hits="0"/>
						<line number="455" hits="1"/>
						<line number="456" hits="0"/>
						<line number="457" hits="1"/>
						<line number="458" hits="1"/>
						<line number="462" hits="0"/>
						<line number="463" hits="0"/>
						<line number="464" hits="0"/>
						<line number="465" hits="0"/>
						<line number="466" hits="0"/>
						<line number="467" hits="0"/>
						<line number="468" hits="0"/>
						<line number="469" hits="0"/>
						<line number="470" hits="0"/>
						<line number="473" hits="0"/>
						<line number="474" hits="0"/>
						<line number="475" hits="0"/>
						<line number="476" hits="0"/>
						<line number="478" hits="1"/>
						<line number="479" hits="1"/>
						<line number="480" hits="0"/>
						<line number="481" hits="1"/>
						<line number="482" hits="1"/>
						<line number="483" hits="1"/>
						<line number="484" hits="1"/>
						<line number="485" hits="1"/>
						<line number="486" hits="1"/>
						<line number="487" hits="1"/>
						<line number="488" hits="0"/>
						<line number="490" hits="1"/>
						<line number="491" hits="1"/>
						<line number="497" hits="1"/>
						<line number="498" hits="1"/>
						<line number="504" hits="1"/>
						<line number="508" hits="0"/>
						<line number="513" hits="1"/>
						<line number="514" hits="1"/>
						<line number="519" hits="1"/>
						<line number="525" hits="0"/>
						<line number="526" hits="0"/>
						<line number="527" hits="0"/>
						<line number="528" hits="0"/>
						<line number="530" hits="0"/>
						<line number="531" hits="0"/>
						<line number="532" hits="0"/>
						<line number="533" hits="0"/>
						<line number="534" hits="0"/>
						<line number="536" hits="0"/>
						<line number="537" hits="0"/>
						<line number="538" hits="0"/>
						<line number="539" hits="0"/>
						<line number="540" hits="0"/>
						<line number="541" hits="0"/>
						<line number="542" hits="0"/>
						<line number="547" hits="1"/>
						<line number="550" hits="1"/>
						<line number="560" hits="1"/>
						<line number="561" hits="1"/>
						<line number="562" hits="1"/>
						<line number="563" hits="1"/>
						<line number="564" hits="1"/>
						<line number="567" hits="1"/>
						<line number="571" hits="1"/>
						<line number="572" hits="0"/>
						<line number="573" hits="1"/>
						<line number="574" hits="1"/>
						<line number="576" hits="1"/>
						<line number="577" hits="1"/>
						<line number="578" hits="1"/>
						<line number="581" hits="1"/>
						<line number="582" hits="1"/>
						<line number="583" hits="1"/>
						<line number="584" hits="1"/>
						<line number="585" hits="1"/>
						<line number="587" hits="1"/>
						<line number="588" hits="1"/>
						<line number="589" hits="1"/>
						<line number="597" hits="1"/>
						<line number="603" hits="1"/>
						<line number="607" hits="1"/>
						<line number="614" hits="1"/>
						<line number="619" hits="1"/>
						<line number="623" hits="1"/>
						<line number="626" hits="1"/>
						<line number="629" hits="1"/>
						<line number="630" hits="1"/>
						<line number="631" hits="1"/>
						<line number="632" hits="1"/>
						<line number="634" hits="1"/>
						<line number="635" hits="1"/>
						<line number="636" hits="1"/>
						<line number="637" hits="1"/>
						<line number="638" hits="0"/>
						<line number="639" hits="1"/>
						<line number="640" hits="1"/>
						<line number="641" hits="1"/>
						<line number="642" hits="0"/>
						<line number="643" hits="0"/>
						<line number="644" hits="1"/>
						<line number="645" hits="1"/>
						<line number="651" hits="1"/>
						<line number="654" hits="1"/>
						<line number="656" hits="1"/>
						<line number="657" hits="1"/>
						<line number="660" hits="1"/>
						<line number="664" hits="1"/>
						<line number="665" hits="1"/>
						<line number="666" hits="1"/>
						<line number="667" hits="1"/>
						<line number="668" hits="1"/>
						<line number="669" hits="0"/>
						<line number="670" hits="0"/>
						<line number="671" hits="1"/>
						<line number="677" hits="1"/>
						<line number="678" hits="1"/>
						<line number="679" hits="1"/>
						<line number="682" hits="1"/>
						<line number="685" hits="1"/>
						<line number="687" hits="1"/>
						<line number="688" hits="1"/>
						<line number="696" hits="1"/>
						<line number="700" hits="1"/>
						<line number="701" hits="1"/>
						<line number="702" hits="1"/>
						<line number="704" hits="1"/>
						<line number="706" hits="1"/>
						<line number="707" hits="1"/>
						<line number="708" hits="1"/>
						<line number="720" hits="1"/>
						<line number="724" hits="1"/>
						<line number="738" hits="1"/>
						<line number="739" hits="1"/>
						<line number="740" hits="1"/>
						<line number="741" hits="1"/>
						<line number="742" hits="1"/>
						<line number="743" hits="1"/>
						<line number="744" hits="1"/>
						<line number="745" hits="1"/>
						<line number="746" hits="1"/>
						<line number="747" hits="0"/>
						<line number="748" hits="0"/>
						<line number="749" hits="1"/>
						<line number="750" hits="1"/>
						<line number="751" hits="0"/>
						<line number="752" hits="0"/>
						<line number="753" hits="1"/>
						<line number="754" hits="1"/>
						<line number="755" hits="1"/>
						<line number="756" hits="1"/>
						<line number="757" hits="1"/>
						<line number="758" hits="1"/>
						<line number="759" hits="1"/>
						<line number="760" hits="1"/>
						<line number="761" hits="1"/>
						<line number="762" hits="0"/>
						<line number="763" hits="0"/>
						<line number="764" hits="0"/>
						<line number="765" hits="1"/>
						<line number="766" hits="0"/>
						<line number="770" hits="1"/>
						<line number="771" hits="1"/>
						<line number="772" hits="1"/>
						<line number="773" hits="1"/>
						<line number="774" hits="1"/>
						<line number="777" hits="1"/>
						<line number="786" hits="1"/>
						<line number="791" hits="1"/>
						<line number="792" hits="1"/>
						<line number="793" hits="1"/>
						<line number="794" hits="1"/>
						<line number="795" hits="1"/>
						<line number="796" hits="1"/>
						<line number="797" hits="1"/>
						<line number="798" hits="1"/>
						<line number="800" hits="1"/>
						<line number="801" hits="1"/>
						<line number="802" hits="1"/>
						<line number="803" hits="1"/>
						<line number="804" hits="1"/>
						<line number="805" hits="1"/>
						<line number="806" hits="1"/>
						<line number="807" hits="1"/>
						<line number="808" hits="1"/>
						<line number="812" hits="1"/>
						<line number="813" hits="1"/>
						<line number="814" hits="1"/>
						<line number="815" hits="1"/>
						<line number="818" hits="1"/>
						<line number="819" hits="0"/>
						<line number="821" hits="1"/>
						<line number="822" hits="1"/>
						<line number="823" hits="1"/>
						<line number="824" hits="1"/>
						<line number="825" hits="1"/>
						<line number="826" hits="1"/>
						<line number="828" hits="1"/>
						<line number="829" hits="1"/>
						<line number="830" hits="1"/>
						<line number="831" hits="1"/>
						<line number="832" hits="1"/>
						<line number="833" hits="1"/>
						<line number="838" hits="1"/>
						<line number="839" hits="1"/>
						<line number="840" hits="0"/>
						<line number="841" hits="1"/>
						<line number="842" hits="1"/>
						<line number="843" hits="1"/>
						<line number="844" hits="1"/>
						<line number="845" hits="1"/>
						<line number="848" hits="1"/>
						<line number="851" hits="1"/>
						<line number="854" hits="1"/>
						<line number="856" hits="0"/>
						<line number="857" hits="1"/>
						<line number="858" hits="1"/>
						<line number="859" hits="1"/>
						<line number="860" hits="1"/>
						<line number="866" hits="1"/>
						<line number="867" hits="1"/>
						<line number="868" hits="1"/>
						<line number="869" hits="1"/>
						<line number="870" hits="0"/>
						<line number="871" hits="1"/>
						<line number="872" hits="1"/>
						<line number="874" hits="1"/>
						<line number="875" hits="1"/>
						<line number="876" hits="1"/>
						<line number="880" hits="1"/>
						<line number="881" hits="1"/>
						<line number="882" hits="1"/>
						<line number="885" hits="1"/>
						<line number="886" hits="1"/>
						<line number="887" hits="1"/>
						<line number="890" hits="1"/>
						<line number="891" hits="1"/>
						<line number="895" hits="1"/>
						<line number="900" hits="1"/>
						<line number="902" hits="1"/>
						<line number="904" hits="1"/>
						<line number="908" hits="1"/>
						<line number="909" hits="1"/>
						<line number="910" hits="1"/>
						<line number="911" hits="1"/>
						<line number="912" hits="1"/>
						<line number="913" hits="1"/>
						<line number="914" hits="0"/>
						<line number="917" hits="1"/>
						<line number="918" hits="1"/>
						<line number="919" hits="1"/>
						<line number="920" hits="0"/>
						<line number="921" hits="1"/>
						<line number="923" hits="1"/>
						<line number="924" hits="1"/>
						<line number="927" hits="1"/>
						<line number="928" hits="1"/>
						<line number="929" hits="1"/>
						<line number="930" hits="1"/>
						<line number="931" hits="1"/>
						<line number="932" hits="1"/>
						<line number="934" hits="1"/>
						<line number="935" hits="1"/>
						<line number="936" hits="1"/>
						<line number="937" hits="1"/>
						<line number="938" hits="0"/>
						<line number="939" hits="1"/>
						<line number="940" hits="1"/>
						<line number="941" hits="1"/>
						<line number="942" hits="1"/>
						<line number="943" hits="1"/>
						<line number="944" hits="0"/>
						<line number="945" hits="0"/>
						<line number="946" hits="1"/>
						<line number="947" hits="1"/>
						<line number="948" hits="1"/>
						<line number="949" hits="1"/>
						<line number="950" hits="1"/>
						<line number="951" hits="1"/>
						<line number="953" hits="0"/>
						<line number="954" hits="0"/>
						<line number="955" hits="1"/>
						<line number="963" hits="1"/>
						<line number="966" hits="1"/>
						<line number="968" hits="1"/>
						<line number="970" hits="1"/>
						<line number="974" hits="1"/>
						<line number="975" hits="1"/>
						<line number="978" hits="1"/>
						<line number="979" hits="1"/>
						<line number="982" hits="1"/>
						<line number="983" hits="1"/>
						<line number="984" hits="0"/>
						<line number="985" hits="1"/>
						<line number="986" hits="1"/>
						<line number="989" hits="1"/>
						<line number="991" hits="1"/>
						<line number="994" hits="1"/>
						<line number="995" hits="1"/>
						<line number="996" hits="1"/>
						<line number="997" hits="1"/>
						<line number="1000" hits="1"/>
						<line number="1002" hits="1"/>
						<line number="1003" hits="0"/>
						<line number="1004" hits="1"/>
						<line number="1005" hits="1"/>
						<line number="1006" hits="1"/>
						<line number="1007" hits="1"/>
						<line number="1008" hits="1"/>
						<line number="1009" hits="0"/>
						<line number="1010" hits="1"/>
						<line number="1013" hits="1"/>
						<line number="1014" hits="1"/>
						<line number="1015" hits="1"/>
						<line number="1016" hits="0"/>
						<line number="1017" hits="1"/>
						<line number="1020" hits="1"/>
						<line number="1021" hits="1"/>
						<line number="1022" hits="1"/>
						<line number="1023" hits="1"/>
						<line number="1024" hits="1"/>
						<line number="1025" hits="1"/>
						<line number="1026" hits="1"/>
						<line number="1029" hits="1"/>
						<line number="1030" hits="0"/>
						<line number="1032" hits="0"/>
						<line number="1035" hits="1"/>
						<line number="1036" hits="1"/>
						<line number="1037" hits="1"/>
						<line number="1038" hits="0"/>
						<line number="1039" hits="0"/>
						<line number="1040" hits="1"/>
						<line number="1041" hits="0"/>
						<line number="1043" hits="1"/>
						<line number="1046" hits="1"/>
						<line number="1055" hits="1"/>
						<line number="1056" hits="1"/>
						<line number="1057" hits="1"/>
						<line number="1058" hits="1"/>
						<line number="1059" hits="1"/>
						<line number="1060" hits="0"/>
						<line number="1063" hits="1"/>
						<line number="1064" hits="1"/>
						<line number="1065" hits="1"/>
						<line number="1066" hits="1"/>
						<line number="1067" hits="0"/>
						<line number="1068" hits="0"/>
						<line number="1071" hits="1"/>
						<line number="1072" hits="1"/>
						<line number="1073" hits="1"/>
						<line number="1074" hits="1"/>
						<line number="1077" hits="0"/>
						<line number="1078" hits="1"/>
						<line number="1079" hits="1"/>
						<line number="1082" hits="1"/>
						<line number="1083" hits="0"/>
						<line number="1084" hits="0"/>
						<line number="1085" hits="0"/>
						<line number="1086" hits="0"/>
						<line number="1087" hits="0"/>
						<line number="1088" hits="0"/>
						<line number="1090" hits="0"/>
						<line number="1091" hits="0"/>
						<line number="1092" hits="0"/>
						<line number="1093" hits="0"/>
						<line number="1094" hits="0"/>
						<line number="1095" hits="0"/>
						<line number="1098" hits="0"/>
						<line number="1099" hits="0"/>
						<line number="1102" hits="0"/>
						<line number="1103" hits="0"/>
						<line number="1104" hits="0"/>
						<line number="1106" hits="0"/>
						<line number="1109" hits="1"/>
						<line number="1112" hits="0"/>
						<line number="1113" hits="0"/>
						<line number="1114" hits="0"/>
						<line number="1115" hits="0"/>
						<line number="1116" hits="0"/>
						<line number="1117" hits="0"/>
						<line number="1118" hits="0"/>
						<line number="1121" hits="0"/>
						<line number="1122" hits="0"/>
						<line number="1125" hits="0"/>
						<line number="1126" hits="0"/>
						<line number="1127" hits="0"/>
						<line number="1128" hits="0"/>
						<line number="1129" hits="0"/>
						<line number="1132" hits="0"/>
						<line number="1133" hits="0"/>
						<line number="1134" hits="0"/>
						<line number="1135" hits="0"/>
						<line number="1137" hits="0"/>
						<line number="1138" hits="0"/>
						<line number="1139" hits="0"/>
						<line number="1140" hits="0"/>
						<line number="1141" hits="0"/>
						<line number="1142" hits="0"/>
						<line number="1143" hits="0"/>
						<line number="1149" hits="1"/>
						<line number="1150" hits="1"/>
						<line number="1152" hits="1"/>
						<line number="1153" hits="1"/>
						<line number="1154" hits="1"/>
						<line number="1155" hits="0"/>
						<line number="1156" hits="1"/>
						<line number="1159" hits="1"/>
						<line number="1160" hits="1"/>
						<line number="1162" hits="1"/>
						<line number="1165" hits="1"/>
						<line number="1167" hits="1"/>
						<line number="1168" hits="1"/>
						<line number="1169" hits="1"/>
						<line number="1170" hits="1"/>
						<line number="1171" hits="1"/>
						<line number="1172" hits="1"/>
						<line number="1173" hits="1"/>
						<line number="1174" hits="0"/>
						<line number="1175" hits="1"/>
						<line number="1176" hits="1"/>
						<line number="1177" hits="1"/>
						<line number="1178" hits="1"/>
						<line number="1179" hits="1"/>
						<line number="1180" hits="1"/>
						<line number="1181" hits="1"/>
						<line number="1182" hits="1"/>
						<line number="1183" hits="1"/>
						<line number="1184" hits="1"/>
						<line number="1185" hits="1"/>
						<line number="1186" hits="0"/>
						<line number="1187" hits="1"/>
						<line number="1188" hits="1"/>
						<line number="1189" hits="1"/>
						<line number="1190" hits="1"/>
						<line number="1191" hits="1"/>
						<line number="1192" hits="1"/>
						<line number="1195" hits="1"/>
						<line number="1196" hits="1"/>
						<line number="1198" hits="1"/>
						<line number="1201" hits="1"/>
						<line number="1206" hits="1"/>
						<line number="1209" hits="1"/>
						<line number="1210" hits="1"/>
						<line number="1211" hits="1"/>
						<line number="1212" hits="1"/>
						<line number="1213" hits="1"/>
						<line number="1214" hits="1"/>
						<line number="1215" hits="1"/>
						<line number="1216" hits="0"/>
						<line number="1217" hits="1"/>
						<line number="1218" hits="1"/>
						<line number="1221" hits="0"/>
						<line number="1222" hits="0"/>
						<line number="1223" hits="1"/>
						<line number="1226" hits="1"/>
						<line number="1230" hits="1"/>
						<line number="1231" hits="1"/>
						<line number="1232" hits="0"/>
						<line number="1233" hits="1"/>
						<line number="1236" hits="1"/>
						<line number="1243" hits="1"/>
						<line number="1244" hits="0"/>
						<line number="1245" hits="1"/>
						<line number="1246" hits="1"/>
						<line number="1247" hits="1"/>
						<line number="1248" hits="1"/>
						<line number="1249" hits="1"/>
						<line number="1250" hits="0"/>
						<line number="1251" hits="0"/>
						<line number="1252" hits="1"/>
						<line number="1255" hits="1"/>
						<line number="1261" hits="1"/>
						<line number="1262" hits="1"/>
						<line number="1263" hits="1"/>
						<line number="1264" hits="1"/>
						<line number="1265" hits="0"/>
						<line number="1266" hits="0"/>
						<line number="1267" hits="1"/>
						<line number="1268" hits="0"/>
						<line number="1270" hits="1"/>
						<line number="1271" hits="1"/>
						<line number="1272" hits="0"/>
						<line number="1274" hits="1"/>
						<line number="1275" hits="1"/>
						<line number="1276" hits="0"/>
						<line number="1278" hits="1"/>
						<line number="1279" hits="1"/>
						<line number="1280" hits="0"/>
						<line number="1282" hits="1"/>
						<line number="1283" hits="1"/>
						<line number="1284" hits="1"/>
						<line number="1285" hits="0"/>
						<line number="1288" hits="1"/>
						<line number="1289" hits="1"/>
						<line number="1290" hits="0"/>
						<line number="1293" hits="1"/>
						<line number="1294" hits="1"/>
						<line number="1295" hits="0"/>
						<line number="1298" hits="1"/>
						<line number="1299" hits="1"/>
						<line number="1300" hits="0"/>
						<line number="1303" hits="1"/>
						<line number="1304" hits="1"/>
						<line number="1305" hits="0"/>
						<line number="1306" hits="1"/>
						<line number="1307" hits="0"/>
						<line number="1310" hits="1"/>
						<line number="1311" hits="1"/>
						<line number="1312" hits="1"/>
						<line number="1313" hits="1"/>
						<line number="1314" hits="1"/>
						<line number="1316" hits="1"/>
						<line number="1317" hits="1"/>
						<line number="1318" hits="1"/>
						<line number="1319" hits="1"/>
						<line number="1321" hits="1"/>
						<line number="1323" hits="1"/>
						<line number="1329" hits="1"/>
						<line number="1332" hits="1"/>
						<line number="1336" hits="1"/>
						<line number="1337" hits="1"/>
						<line number="1338" hits="1"/>
						<line number="1339" hits="1"/>
						<line number="1340" hits="1"/>
						<line number="1341" hits="1"/>
						<line number="1342" hits="1"/>
						<line number="1343" hits="1"/>
						<line number="1344" hits="1"/>
						<line number="1348" hits="1"/>
						<line number="1349" hits="1"/>
						<line number="1350" hits="1"/>
						<line number="1351" hits="1"/>
						<line number="1352" hits="1"/>
						<line number="1354" hits="0"/>
						<line number="1355" hits="0"/>
						<line number="1356" hits="1"/>
						<line number="1359" hits="1"/>
						<line number="1371" hits="1"/>
						<line number="1372" hits="1"/>
						<line number="1373" hits="1"/>
						<line number="1374" hits="1"/>
						<line number="1375" hits="0"/>
						<line number="1376" hits="0"/>
						<line number="1377" hits="1"/>
						<line number="1378" hits="1"/>
						<line number="1379" hits="1"/>
						<line number="1380" hits="1"/>
						<line number="1381" hits="0"/>
						<line number="1382" hits="1"/>
						<line number="1383" hits="1"/>
						<line number="1384" hits="0"/>
						<line number="1385" hits="0"/>
						<line number="1387" hits="1"/>
						<line number="1388" hits="0"/>
						<line number="1390" hits="1"/>
						<line number="1391" hits="1"/>
						<line number="1392" hits="0"/>
						<line number="1394" hits="1"/>
						<line number="1395" hits="1"/>
						<line number="1397" hits="1"/>
						<line number="1398" hits="1"/>
						<line number="1399" hits="1"/>
						<line number="1400" hits="0"/>
						<line number="1401" hits="1"/>
						<line number="1402" hits="0"/>
						<line number="1403" hits="1"/>
						<line number="1404" hits="1"/>
						<line number="1405" hits="0"/>
						<line number="1406" hits="1"/>
						<line number="1407" hits="0"/>
						<line number="1408" hits="1"/>
						<line number="1409" hits="1"/>
						<line number="1410" hits="1"/>
						<line number="1411" hits="0"/>
						<line number="1412" hits="1"/>
						<line number="1413" hits="1"/>
						<line number="1414" hits="0"/>
						<line number="1415" hits="1"/>
						<line number="1416" hits="1"/>
						<line number="1417" hits="0"/>
						<line number="1419" hits="1"/>
						<line number="1420" hits="0"/>
						<line number="1423" hits="1"/>
						<line number="1424" hits="0"/>
						<line number="1425" hits="1"/>
						<line number="1426" hits="1"/>
						<line number="1427" hits="1"/>
						<line number="1428" hits="1"/>
						<line number="1429" hits="1"/>
						<line number="1430" hits="1"/>
						<line number="1431" hits="0"/>
						<line number="1432" hits="1"/>
						<line number="1433" hits="0"/>
						<line number="1434" hits="1"/>
						<line number="1435" hits="1"/>
						<line number="1437" hits="1"/>
						<line number="1438" hits="1"/>
						<line number="1439" hits="1"/>
						<line number="1440" hits="1"/>
						<line number="1441" hits="1"/>
						<line number="1442" hits="1"/>
						<line number="1443" hits="1"/>
						<line number="1444" hits="1"/>
						<line number="1446" hits="1"/>
						<line number="1450" hits="1"/>
						<line number="1451" hits="1"/>
						<line number="1452" hits="1"/>
						<line number="1453" hits="1"/>
						<line number="1454" hits="1"/>
						<line number="1455" hits="1"/>
						<line number="1456" hits="0"/>
						<line number="1457" hits="0"/>
						<line number="1458" hits="0"/>
						<line number="1459" hits="1"/>
						<line number="1462" hits="1"/>
						<line number="1471" hits="1"/>
						<line number="1472" hits="1"/>
						<line number="1473" hits="1"/>
						<line number="1474" hits="1"/>
						<line number="1475" hits="1"/>
						<line number="1476" hits="0"/>
						<line number="1477" hits="0"/>
						<line number="1478" hits="1"/>
						<line number="1479" hits="0"/>
						<line number="1480" hits="1"/>
						<line number="1481" hits="1"/>
						<line number="1482" hits="0"/>
						<line number="1483" hits="1"/>
						<line number="1484" hits="1"/>
						<line number="1485" hits="0"/>
						<line number="1487" hits="1"/>
						<line number="1488" hits="1"/>
						<line number="1489" hits="0"/>
						<line number="1491" hits="1"/>
						<line number="1492" hits="1"/>
						<line number="1493" hits="1"/>
						<line number="1494" hits="0"/>
						<line number="1495" hits="1"/>
						<line number="1496" hits="1"/>
						<line number="1497" hits="1"/>
						<line number="1498" hits="0"/>
						<line number="1500" hits="1"/>
						<line number="1501" hits="0"/>
						<line number="1502" hits="1"/>
						<line number="1503" hits="1"/>
						<line number="1504" hits="0"/>
						<line number="1505" hits="1"/>
						<line number="1506" hits="1"/>
						<line number="1507" hits="0"/>
						<line number="1508" hits="1"/>
						<line number="1509" hits="0"/>
						<line number="1510" hits="1"/>
						<line number="1511" hits="1"/>
						<line number="1512" hits="1"/>
						<line number="1513" hits="1"/>
						<line number="1514" hits="0"/>
						<line number="1515" hits="1"/>
						<line number="1516" hits="1"/>
						<line number="1517" hits="1"/>
						<line number="1518" hits="0"/>
						<line number="1520" hits="1"/>
						<line number="1521" hits="1"/>
						<line number="1522" hits="0"/>
						<line number="1524" hits="1"/>
						<line number="1525" hits="1"/>
						<line number="1526" hits="1"/>
						<line number="1527" hits="0"/>
						<line number="1529" hits="1"/>
						<line number="1530" hits="1"/>
						<line number="1531" hits="0"/>
						<line number="1532" hits="0"/>
						<line number="1533" hits="0"/>
						<line number="1535" hits="0"/>
						<line number="1536" hits="0"/>
						<line number="1537" hits="0"/>
						<line number="1538" hits="0"/>
						<line number="1540" hits="1"/>
						<line number="1541" hits="0"/>
						<line number="1542" hits="1"/>
						<line number="1543" hits="1"/>
						<line number="1544" hits="1"/>
						<line number="1545" hits="1"/>
						<line number="1546" hits="0"/>
						<line number="1548" hits="1"/>
						<line number="1549" hits="1"/>
						<line number="1551" hits="1"/>
						<line number="1557" hits="1"/>
						<line number="1565" hits="1"/>
						<line number="1566" hits="1"/>
						<line number="1567" hits="1"/>
						<line number="1568" hits="0"/>
						<line number="1569" hits="0"/>
						<line number="1570" hits="1"/>
						<line number="1571" hits="1"/>
						<line number="1572" hits="1"/>
						<line number="1573" hits="1"/>
						<line number="1574" hits="1"/>
						<line number="1575" hits="1"/>
						<line number="1576" hits="1"/>
						<line number="1577" hits="1"/>
						<line number="1578" hits="1"/>
						<line number="1579" hits="1"/>
						<line number="1580" hits="1"/>
						<line number="1584" hits="1"/>
						<line number="1587" hits="1"/>
						<line number="1588" hits="1"/>
						<line number="1589" hits="1"/>
						<line number="1590" hits="0"/>
						<line number="1591" hits="1"/>
						<line number="1597" hits="1"/>
						<line number="1603" hits="1"/>
						<line number="1604" hits="1"/>
						<line number="1610" hits="1"/>
						<line number="1611" hits="1"/>
						<line number="1622" hits="1"/>
						<line number="1627" hits="1"/>
						<line number="1628" hits="1"/>
						<line number="1629" hits="1"/>
						<line number="1630" hits="1"/>
						<line number="1631" hits="1"/>
						<line number="1633" hits="1"/>
						<line number="1634" hits="1"/>
						<line number="1635" hits="1"/>
						<line number="1636" hits="1"/>
						<line number="1637" hits="1"/>
						<line number="1638" hits="1"/>
						<line number="1639" hits="1"/>
						<line number="1642" hits="1"/>
						<line number="1644" hits="1"/>
						<line number="1645" hits="0"/>
						<line number="1646" hits="1"/>
						<line number="1647" hits="1"/>
						<line number="1648" hits="0"/>
						<line number="1652" hits="1"/>
						<line number="1653" hits="1"/>
						<line number="1654" hits="0"/>
						<line number="1656" hits="1"/>
						<line number="1657" hits="1"/>
						<line number="1658" hits="1"/>
						<line number="1659" hits="1"/>
						<line number="1660" hits="1"/>
						<line number="1661" hits="1"/>
						<line number="1662" hits="1"/>
						<line number="1664" hits="1"/>
						<line number="1665" hits="1"/>
						<line number="1666" hits="1"/>
						<line number="1667" hits="1"/>
						<line number="1668" hits="1"/>
						<line number="1670" hits="1"/>
						<line number="1671" hits="1"/>
						<line number="1673" hits="1"/>
						<line number="1674" hits="1"/>
						<line number="1676" hits="1"/>
						<line number="1677" hits="1"/>
						<line number="1678" hits="1"/>
						<line number="1680" hits="1"/>
						<line number="1681" hits="1"/>
						<line number="1682" hits="1"/>
						<line number="1685" hits="1"/>
						<line number="1686" hits="1"/>
						<line number="1687" hits="1"/>
						<line number="1690" hits="1"/>
						<line number="1693" hits="1"/>
						<line number="1694" hits="1"/>
						<line number="1695" hits="1"/>
						<line number="1697" hits="1"/>
						<line number="1699" hits="1"/>
						<line number="1700" hits="1"/>
						<line number="1701" hits="1"/>
						<line number="1702" hits="1"/>
						<line number="1703" hits="1"/>
						<line number="1706" hits="1"/>
						<line number="1707" hits="1"/>
						<line number="1708" hits="0"/>
						<line number="1709" hits="1"/>
						<line number="1710" hits="0"/>
						<line number="1712" hits="1"/>
						<line number="1713" hits="1"/>
						<line number="1714" hits="1"/>
						<line number="1717" hits="0"/>
						<line number="1719" hits="1"/>
						<line number="1720" hits="1"/>
						<line number="1723" hits="1"/>
						<line number="1724" hits="1"/>
						<line number="1725" hits="0"/>
						<line number="1726" hits="1"/>
						<line number="1727" hits="1"/>
						<line number="1728" hits="0"/>
						<line number="1729" hits="1"/>
						<line number="1730" hits="1"/>
						<line number="1731" hits="0"/>
						<line number="1733" hits="1"/>
						<line number="1734" hits="1"/>
						<line number="1735" hits="0"/>
						<line number="1736" hits="1"/>
						<line number="1737" hits="1"/>
						<line number="1738" hits="0"/>
						<line number="1739" hits="1"/>
						<line number="1740" hits="1"/>
						<line number="1741" hits="0"/>
						<line number="1743" hits="1"/>
						<line number="1744" hits="0"/>
						<line number="1745" hits="0"/>
						<line number="1746" hits="0"/>
						<line number="1748" hits="1"/>
						<line number="1749" hits="1"/>
						<line number="1750" hits="1"/>
						<line number="1751" hits="0"/>
						<line number="1753" hits="1"/>
						<line number="1754" hits="1"/>
						<line number="1755" hits="1"/>
						<line number="1756" hits="1"/>
						<line number="1757" hits="1"/>
						<line number="1758" hits="1"/>
						<line number="1759" hits="1"/>
						<line number="1760" hits="0"/>
						<line number="1763" hits="1"/>
						<line number="1764" hits="1"/>
						<line number="1765" hits="1"/>
						<line number="1766" hits="1"/>
						<line number="1771" hits="1"/>
						<line number="1772" hits="1"/>
						<line number="1777" hits="1"/>
						<line number="1778" hits="1"/>
						<line number="1780" hits="1"/>
						<line number="1781" hits="1"/>
						<line number="1782" hits="1"/>
						<line number="1783" hits="1"/>
						<line number="1784" hits="1"/>
						<line number="1785" hits="1"/>
						<line number="1788" hits="1"/>
						<line number="1789" hits="1"/>
						<line number="1790" hits="1"/>
						<line number="1791" hits="1"/>
						<line number="1792" hits="1"/>
						<line number="1811" hits="1"/>
						<line number="1812" hits="1"/>
						<line number="1817" hits="1"/>
						<line number="1818" hits="1"/>
						<line number="1819" hits="1"/>
						<line number="1820" hits="1"/>
						<line number="1821" hits="1"/>
						<line number="1822" hits="1"/>
						<line number="1828" hits="1"/>
						<line number="1829" hits="1"/>
						<line number="1832" hits="1"/>
						<line number="1833" hits="1"/>
						<line number="1834" hits="1"/>
						<line number="1835" hits="1"/>
						<line number="1836" hits="1"/>
						<line number="1839" hits="1"/>
						<line number="1840" hits="1"/>
						<line number="1841" hits="1"/>
						<line number="1842" hits="1"/>
						<line number="1847" hits="1"/>
						<line number="1848" hits="1"/>
						<line number="1851" hits="1"/>
						<line number="1852" hits="1"/>
						<line number="1853" hits="1"/>
						<line number="1854" hits="1"/>
						<line number="1855" hits="1"/>
						<line number="1856" hits="0"/>
						<line number="1857" hits="1"/>
						<line number="1858" hits="1"/>
						<line number="1859" hits="1"/>
						<line number="1860" hits="1"/>
						<line number="1861" hits="1"/>
						<line number="1864" hits="1"/>
						<line number="1867" hits="1"/>
						<line number="1868" hits="1"/>
						<line number="1869" hits="1"/>
						<line number="1872" hits="1"/>
						<line number="1873" hits="1"/>
						<line number="1876" hits="1"/>
						<line number="1877" hits="1"/>
						<line number="1878" hits="1"/>
						<line number="1879" hits="1"/>
						<line number="1880" hits="1"/>
						<line number="1881" hits="1"/>
						<line number="1882" hits="1"/>
						<line number="1883" hits="1"/>
						<line number="1884" hits="1"/>
						<line number="1885" hits="1"/>
						<line number="1886" hits="1"/>
						<line number="1887" hits="1"/>
						<line number="1904" hits="1"/>
						<line number="1905" hits="1"/>
						<line number="1908" hits="1"/>
						<line number="1909" hits="1"/>
						<line number="1915" hits="1"/>
						<line number="1919" hits="1"/>
						<line number="1920" hits="1"/>
						<line number="1921" hits="1"/>
						<line number="1922" hits="1"/>
						<line number="1923" hits="1"/>
						<line number="1924" hits="1"/>
						<line number="1925" hits="1"/>
						<line number="1926" hits="1"/>
						<line number="1928" hits="1"/>
						<line number="1929" hits="1"/>
						<line number="1930" hits="1"/>
						<line number="1931" hits="1"/>
						<line number="1932" hits="1"/>
						<line number="1934" hits="1"/>
						<line number="1935" hits="1"/>
						<line number="1936" hits="1"/>
						<line number="1937" hits="1"/>
						<line number="1938" hits="1"/>
						<line number="1940" hits="1"/>
						<line number="1941" hits="1"/>
						<line number="1942" hits="1"/>
						<line number="1943" hits="1"/>
						<line number="1944" hits="1"/>
						<line number="1945" hits="1"/>
						<line number="1947" hits="1"/>
						<line number="1948" hits="1"/>
						<line number="1949" hits="1"/>
						<line number="1950" hits="1"/>
						<line number="1951" hits="1"/>
						<line number="1953" hits="1"/>
						<line number="1954" hits="1"/>
						<line number="1955" hits="1"/>
						<line number="1956" hits="1"/>
						<line number="1957" hits="1"/>
						<line number="1958" hits="1"/>
						<line number="1960" hits="1"/>
						<line number="1961" hits="1"/>
						<line number="1962" hits="1"/>
						<line number="1963" hits="1"/>
						<line number="1964" hits="1"/>
						<line number="1965" hits="1"/>
						<line number="1967" hits="1"/>
						<line number="1968" hits="1"/>
						<line number="1969" hits="1"/>
						<line number="1970" hits="1"/>
						<line number="1971" hits="1"/>
						<line number="1972" hits="1"/>
						<line number="1974" hits="1"/>
						<line number="1975" hits="1"/>
						<line number="1976" hits="1"/>
						<line number="1977" hits="1"/>
						<line number="1978" hits="1"/>
						<line number="1979" hits="1"/>
						<line number="1981" hits="1"/>
						<line number="1982" hits="1"/>
						<line number="1983" hits="1"/>
						<line number="1984" hits="1"/>
						<line number="1985" hits="1"/>
						<line number="1986" hits="1"/>
						<line number="1989" hits="1"/>
						<line number="1990" hits="1"/>
						<line number="1991" hits="1"/>
						<line number="1992" hits="1"/>
						<line number="1993" hits="1"/>
						<line number="1994" hits="1"/>
						<line number="1996" hits="1"/>
						<line number="1997" hits="1"/>
						<line number="1998" hits="1"/>
						<line number="1999" hits="1"/>
						<line number="2001" hits="0"/>
						<line number="2003" hits="0"/>
						<line number="2004" hits="0"/>
						<line number="2005" hits="0"/>
						<line number="2006" hits="0"/>
						<line number="2007" hits="0"/>
						<line number="2008" hits="0"/>
						<line number="2009" hits="0"/>
						<line number="2010" hits="0"/>
						<line number="2011" hits="0"/>
						<line number="2012" hits="0"/>
						<line number="2014" hits="0"/>
						<line number="2015" hits="0"/>
						<line number="2016" hits="0"/>
						<line number="2017" hits="0"/>
						<line number="2019" hits="1"/>
						<line number="2027" hits="1"/>
						<line number="2028" hits="1"/>
						<line number="2029" hits="1"/>
						<line number="2030" hits="1"/>
						<line number="2031" hits="0"/>
						<line number="2032" hits="0"/>
						<line number="2033" hits="0"/>
						<line number="2035" hits="1"/>
						<line number="2037" hits="1"/>
						<line number="2041" hits="1"/>
						<line number="2042" hits="1"/>
						<line number="2044" hits="1"/>
						<line number="2045" hits="1"/>
						<line number="2046" hits="1"/>
						<line number="2047" hits="1"/>
						<line number="2048" hits="1"/>
						<line number="2049" hits="1"/>
						<line number="2050" hits="1"/>
						<line number="2051" hits="1"/>
						<line number="2052" hits="1"/>
						<line number="2053" hits="0"/>
						<line number="2054" hits="0"/>
						<line number="2056" hits="1"/>
						<line number="2057" hits="1"/>
						<line number="2058" hits="1"/>
						<line number="2059" hits="1"/>
						<line number="2060" hits="1"/>
						<line number="2061" hits="1"/>
						<line number="2062" hits="1"/>
						<line number="2071" hits="1"/>
						<line number="2072" hits="1"/>
						<line number="2075" hits="1"/>
						<line number="2076" hits="1"/>
						<line number="2078" hits="1"/>
						<line number="2079" hits="0"/>
						<line number="2083" hits="0"/>
						<line number="2085" hits="0"/>
						<line number="2086" hits="1"/>
						<line number="2087" hits="1"/>
						<line number="2091" hits="1"/>
						<line number="2092" hits="1"/>
						<line number="2093" hits="1"/>
						<line number="2094" hits="1"/>
						<line number="2095" hits="1"/>
						<line number="2096" hits="1"/>
						<line number="2099" hits="1"/>
						<line number="2106" hits="1"/>
						<line number="2107" hits="1"/>
						<line number="2108" hits="1"/>
						<line number="2109" hits="1"/>
						<line number="2113" hits="1"/>
						<line number="2123" hits="1"/>
						<line number="2124" hits="1"/>
						<line number="2125" hits="1"/>
						<line number="2126" hits="1"/>
						<line number="2127" hits="1"/>
						<line number="2128" hits="1"/>
						<line number="2129" hits="1"/>
						<line number="2130" hits="1"/>
						<line number="2133" hits="1"/>
						<line number="2134" hits="1"/>
						<line number="2135" hits="1"/>
						<line number="2136" hits="1"/>
						<line number="2137" hits="0"/>
						<line number="2140" hits="1"/>
						<line number="2141" hits="1"/>
						<line number="2142" hits="1"/>
						<line number="2143" hits="0"/>
						<line number="2144" hits="1"/>
						<line number="2145" hits="0"/>
						<line number="2148" hits="1"/>
						<line number="2149" hits="1"/>
						<line number="2150" hits="1"/>
						<line number="2155" hits="1"/>
						<line number="2156" hits="1"/>
						<line number="2158" hits="1"/>
						<line number="2159" hits="1"/>
						<line number="2160" hits="1"/>
						<line number="2161" hits="1"/>
						<line number="2162" hits="1"/>
						<line number="2163" hits="0"/>
						<line number="2164" hits="1"/>
						<line number="2165" hits="0"/>
						<line number="2166" hits="1"/>
						<line number="2167" hits="1"/>
						<line number="2170" hits="1"/>
						<line number="2171" hits="1"/>
						<line number="2172" hits="1"/>
						<line number="2173" hits="1"/>
						<line number="2174" hits="1"/>
						<line number="2175" hits="1"/>
						<line number="2176" hits="0"/>
						<line number="2177" hits="1"/>
						<line number="2178" hits="1"/>
						<line number="2181" hits="1"/>
						<line number="2182" hits="1"/>
						<line number="2183" hits="1"/>
						<line number="2184" hits="1"/>
						<line number="2185" hits="1"/>
						<line number="2186" hits="1"/>
						<line number="2187" hits="0"/>
						<line number="2188" hits="1"/>
						<line number="2189" hits="1"/>
						<line number="2192" hits="1"/>
						<line number="2193" hits="1"/>
						<line number="2198" hits="1"/>
						<line number="2200" hits="1"/>
						<line number="2201" hits="1"/>
						<line number="2202" hits="1"/>
						<line number="2203" hits="1"/>
						<line number="2204" hits="0"/>
						<line number="2205" hits="1"/>
						<line number="2206" hits="1"/>
						<line number="2208" hits="1"/>
						<line number="2209" hits="1"/>
						<line number="2210" hits="1"/>
						<line number="2211" hits="1"/>
						<line number="2212" hits="1"/>
						<line number="2213" hits="1"/>
						<line number="2214" hits="1"/>
						<line number="2215" hits="1"/>
						<line number="2217" hits="1"/>
						<line number="2218" hits="1"/>
						<line number="2219" hits="0"/>
						<line number="2220" hits="1"/>
						<line number="2221" hits="1"/>
						<line number="2222" hits="1"/>
						<line number="2223" hits="0"/>
						<line number="2224" hits="1"/>
						<line number="2228" hits="1"/>
						<line number="2229" hits="1"/>
						<line number="2230" hits="1"/>
						<line number="2231" hits="1"/>
						<line number="2235" hits="1"/>
						<line number="2237" hits="1"/>
						<line number="2238" hits="1"/>
						<line number="2239" hits="1"/>
						<line number="2240" hits="1"/>
						<line number="2241" hits="0"/>
						<line number="2242" hits="1"/>
						<line number="2243" hits="1"/>
						<line number="2245" hits="1"/>
						<line number="2246" hits="1"/>
						<line number="2247" hits="1"/>
						<line number="2248" hits="1"/>
						<line number="2249" hits="1"/>
						<line number="2250" hits="1"/>
						<line number="2251" hits="1"/>
						<line number="2252" hits="1"/>
						<line number="2253" hits="1"/>
						<line number="2255" hits="1"/>
						<line number="2256" hits="1"/>
						<line number="2257" hits="0"/>
						<line number="2258" hits="1"/>
						<line number="2259" hits="1"/>
						<line number="2260" hits="1"/>
						<line number="2261" hits="0"/>
						<line number="2262" hits="1"/>
						<line number="2266" hits="1"/>
						<line number="2267" hits="1"/>
						<line number="2268" hits="1"/>
						<line number="2269" hits="1"/>
						<line number="2273" hits="1"/>
						<line number="2275" hits="1"/>
						<line number="2276" hits="1"/>
						<line number="2277" hits="1"/>
						<line number="2278" hits="1"/>
						<line number="2279" hits="0"/>
						<line number="2280" hits="1"/>
						<line number="2281" hits="1"/>
						<line number="2284" hits="1"/>
						<line number="2285" hits="1"/>
						<line number="2287" hits="1"/>
						<line number="2290" hits="1"/>
						<line number="2295" hits="1"/>
						<line number="2296" hits="1"/>
						<line number="2297" hits="1"/>
						<line number="2298" hits="1"/>
						<line number="2299" hits="1"/>
						<line number="2300" hits="1"/>
						<line number="2301" hits="1"/>
						<line number="2302" hits="1"/>
						<line number="2303" hits="1"/>
						<line number="2304" hits="1"/>
						<line number="2306" hits="1"/>
						<line number="2307" hits="1"/>
						<line number="2308" hits="0"/>
						<line number="2309" hits="1"/>
						<line number="2310" hits="1"/>
						<line number="2311" hits="1"/>
						<line number="2312" hits="1"/>
						<line number="2314" hits="1"/>
						<line number="2317" hits="1"/>
						<line number="2319" hits="1"/>
						<line number="2320" hits="1"/>
						<line number="2322" hits="1"/>
						<line number="2323" hits="1"/>
						<line number="2326" hits="1"/>
						<line number="2331" hits="1"/>
						<line number="2332" hits="1"/>
						<line number="2333" hits="1"/>
						<line number="2334" hits="1"/>
						<line number="2338" hits="1"/>
						<line number="2343" hits="1"/>
						<line number="2344" hits="1"/>
						<line number="2345" hits="1"/>
						<line number="2354" hits="1"/>
						<line number="2355" hits="1"/>
						<line number="2357" hits="1"/>
						<line number="2360" hits="1"/>
						<line number="2368" hits="1"/>
						<line number="2369" hits="1"/>
						<line number="2370" hits="1"/>
						<line number="2371" hits="1"/>
						<line number="2372" hits="1"/>
						<line number="2373" hits="1"/>
						<line number="2374" hits="1"/>
						<line number="2375" hits="0"/>
						<line number="2376" hits="0"/>
						<line number="2379" hits="0"/>
						<line number="2380" hits="0"/>
						<line number="2382" hits="0"/>
						<line number="2383" hits="1"/>
						<line number="2384" hits="1"/>
						<line number="2386" hits="1"/>
						<line number="2387" hits="1"/>
						<line number="2388" hits="1"/>
						<line number="2392" hits="1"/>
						<line number="2401" hits="1"/>
						<line number="2402" hits="1"/>
						<line number="2403" hits="1"/>
						<line number="2404" hits="1"/>
						<line number="2405" hits="1"/>
						<line number="2406" hits="1"/>
						<line number="2407" hits="0"/>
						<line number="2408" hits="1"/>
						<line number="2409" hits="1"/>
						<line number="2413" hits="1"/>
						<line number="2415" hits="1"/>
						<line number="2416" hits="1"/>
						<line number="2417" hits="1"/>
						<line number="2418" hits="1"/>
						<line number="2419" hits="1"/>
						<line number="2422" hits="1"/>
						<line number="2426" hits="1"/>
						<line number="2434" hits="1"/>
						<line number="2435" hits="1"/>
						<line number="2436" hits="1"/>
						<line number="2437" hits="1"/>
						<line number="2438" hits="1"/>
						<line number="2439" hits="1"/>
						<line number="2440" hits="1"/>
						<line number="2441" hits="1"/>
						<line number="2442" hits="1"/>
						<line number="2443" hits="1"/>
						<line number="2444" hits="1"/>
						<line number="2445" hits="1"/>
						<line number="2446" hits="1"/>
						<line number="2448" hits="1"/>
						<line number="2449" hits="1"/>
						<line number="2450" hits="1"/>
						<line number="2451" hits="1"/>
						<line number="2452" hits="1"/>
						<line number="2453" hits="1"/>
						<line number="2455" hits="1"/>
						<line number="2456" hits="1"/>
						<line number="2457" hits="1"/>
						<line number="2458" hits="1"/>
						<line number="2459" hits="1"/>
						<line number="2460" hits="1"/>
						<line number="2461" hits="1"/>
						<line number="2462" hits="0"/>
						<line number="2463" hits="0"/>
						<line number="2465" hits="1"/>
						<line number="2466" hits="1"/>
						<line number="2467" hits="1"/>
						<line number="2468" hits="0"/>
						<line number="2469" hits="1"/>
						<line number="2470" hits="0"/>
						<line number="2471" hits="1"/>
						<line number="2472" hits="1"/>
						<line number="2473" hits="1"/>
						<line number="2474" hits="1"/>
						<line number="2476" hits="1"/>
						<line number="2477" hits="1"/>
						<line number="2492" hits="1"/>
						<line number="2495" hits="1"/>
						<line number="2497" hits="1"/>
						<line number="2499" hits="1"/>
						<line number="2500" hits="1"/>
						<line number="2502" hits="1"/>
						<line number="2503" hits="1"/>
						<line number="2504" hits="1"/>
						<line number="2505" hits="1"/>
						<line number="2507" hits="1"/>
						<line number="2508" hits="1"/>
						<line number="2509" hits="1"/>
						<line number="2510" hits="1"/>
						<line number="2512" hits="1"/>
						<line number="2513" hits="1"/>
						<line number="2514" hits="0"/>
						<line number="2515" hits="0"/>
						<line number="2517" hits="1"/>
						<line number="2518" hits="1"/>
						<line number="2519" hits="1"/>
						<line number="2521" hits="1"/>
						<line number="2528" hits="1"/>
						<line number="2529" hits="1"/>
						<line number="2530" hits="1"/>
						<line number="2531" hits="1"/>
						<line number="2532" hits="1"/>
						<line number="2533" hits="1"/>
						<line number="2534" hits="1"/>
						<line number="2535" hits="1"/>
						<line number="2537" hits="1"/>
						<line number="2538" hits="0"/>
						<line number="2539" hits="1"/>
						<line number="2540" hits="1"/>
						<line number="2541" hits="1"/>
						<line number="2542" hits="1"/>
						<line number="2543" hits="1"/>
						<line number="2544" hits="1"/>
						<line number="2547" hits="1"/>
						<line number="2551" hits="1"/>
						<line number="2552" hits="1"/>
						<line number="2553" hits="1"/>
						<line number="2555" hits="1"/>
						<line number="2556" hits="1"/>
						<line number="2557" hits="0"/>
						<line number="2558" hits="0"/>
						<line number="2561" hits="1"/>
						<line number="2562" hits="1"/>
						<line number="2563" hits="1"/>
						<line number="2564" hits="1"/>
						<line number="2565" hits="1"/>
						<line number="2567" hits="1"/>
						<line number="2571" hits="1"/>
						<line number="2572" hits="1"/>
						<line number="2573" hits="1"/>
						<line number="2574" hits="1"/>
						<line number="2575" hits="0"/>
						<line number="2576" hits="0"/>
						<line number="2577" hits="1"/>
						<line number="2578" hits="1"/>
						<line number="2579" hits="1"/>
						<line number="2580" hits="1"/>
						<line number="2581" hits="1"/>
						<line number="2585" hits="1"/>
						<line number="2586" hits="1"/>
						<line number="2587" hits="1"/>
						<line number="2588" hits="1"/>
						<line number="2589" hits="1"/>
						<line number="2590" hits="1"/>
						<line number="2593" hits="1"/>
						<line number="2594" hits="1"/>
						<line number="2596" hits="1"/>
						<line number="2599" hits="1"/>
						<line number="2606" hits="1"/>
						<line number="2607" hits="1"/>
						<line number="2608" hits="1"/>
						<line number="2609" hits="1"/>
						<line number="2610" hits="1"/>
						<line number="2611" hits="1"/>
						<line number="2613" hits="1"/>
						<line number="2614" hits="1"/>
						<line number="2617" hits="1"/>
						<line number="2626" hits="1"/>
						<line number="2627" hits="1"/>
						<line number="2628" hits="1"/>
						<line number="2632" hits="1"/>
						<line number="2633" hits="0"/>
						<line number="2636" hits="0"/>
						<line number="2637" hits="1"/>
						<line number="2638" hits="1"/>
						<line number="2639" hits="1"/>
						<line number="2640" hits="1"/>
						<line number="2641" hits="1"/>
						<line number="2642" hits="1"/>
						<line number="2643" hits="0"/>
						<line number="2644" hits="1"/>
						<line number="2645" hits="1"/>
						<line number="2646" hits="1"/>
						<line number="2647" hits="1"/>
						<line number="2648" hits="1"/>
						<line number="2649" hits="1"/>
						<line number="2650" hits="1"/>
						<line number="2651" hits="0"/>
						<line number="2652" hits="0"/>
						<line number="2653" hits="0"/>
						<line number="2654" hits="0"/>
						<line number="2655" hits="1"/>
						<line number="2657" hits="1"/>
						<line number="2660" hits="1"/>
						<line number="2661" hits="1"/>
						<line number="2662" hits="1"/>
						<line number="2663" hits="1"/>
						<line number="2664" hits="1"/>
						<line number="2666" hits="1"/>
						<line number="2668" hits="1"/>
						<line number="2669" hits="1"/>
						<line number="2673" hits="1"/>
						<line number="2676" hits="1"/>
						<line number="2677" hits="1"/>
						<line number="2679" hits="1"/>
						<line number="2680" hits="0"/>
						<line number="2681" hits="0"/>
						<line number="2682" hits="1"/>
						<line number="2683" hits="1"/>
						<line number="2684" hits="1"/>
						<line number="2685" hits="1"/>
						<line number="2686" hits="1"/>
						<line number="2687" hits="1"/>
						<line number="2689" hits="1"/>
						<line number="2690" hits="1"/>
						<line number="2694" hits="1"/>
						<line number="2695" hits="1"/>
						<line number="2696" hits="1"/>
						<line number="2697" hits="1"/>
						<line number="2698" hits="1"/>
						<line number="2699" hits="1"/>
						<line number="2700" hits="1"/>
						<line number="2703" hits="1"/>
						<line number="2704" hits="1"/>
						<line number="2705" hits="1"/>
						<line number="2706" hits="1"/>
						<line number="2707" hits="1"/>
						<line number="2708" hits="1"/>
						<line number="2709" hits="1"/>
						<line number="2710" hits="1"/>
						<line number="2711" hits="1"/>
						<line number="2714" hits="1"/>
						<line number="2720" hits="1"/>
						<line number="2721" hits="1"/>
						<line number="2722" hits="1"/>
						<line number="2723" hits="1"/>
						<line number="2724" hits="1"/>
						<line number="2725" hits="1"/>
						<line number="2726" hits="1"/>
						<line number="2727" hits="1"/>
						<line number="2728" hits="1"/>
						<line number="2729" hits="1"/>
						<line number="2730" hits="1"/>
						<line number="2731" hits="1"/>
						<line number="2733" hits="1"/>
						<line number="2738" hits="1"/>
						<line number="2739" hits="1"/>
						<line number="2740" hits="1"/>
						<line number="2741" hits="1"/>
						<line number="2744" hits="1"/>
						<line number="2745" hits="1"/>
						<line number="2746" hits="1"/>
						<line number="2747" hits="1"/>
						<line number="2748" hits="1"/>
						<line number="2749" hits="1"/>
						<line number="2750" hits="1"/>
						<line number="2751" hits="1"/>
						<line number="2759" hits="1"/>
						<line number="2760" hits="1"/>
						<line number="2761" hits="1"/>
						<line number="2762" hits="1"/>
						<line number="2763" hits="1"/>
						<line number="2764" hits="1"/>
						<line number="2765" hits="1"/>
						<line number="2766" hits="1"/>
						<line number="2767" hits="1"/>
						<line number="2776" hits="1"/>
						<line number="2777" hits="1"/>
						<line number="2778" hits="1"/>
						<line number="2779" hits="1"/>
						<line number="2780" hits="1"/>
						<line number="2782" hits="1"/>
						<line number="2783" hits="1"/>
						<line number="2784" hits="1"/>
						<line number="2803" hits="1"/>
						<line number="2804" hits="1"/>
						<line number="2805" hits="1"/>
						<line number="2806" hits="1"/>
						<line number="2807" hits="1"/>
						<line number="2808" hits="1"/>
						<line number="2809" hits="1"/>
						<line number="2810" hits="1"/>
						<line number="2811" hits="1"/>
						<line number="2814" hits="1"/>
						<line number="2817" hits="1"/>
						<line number="2818" hits="1"/>
						<line number="2819" hits="0"/>
						<line number="2823" hits="1"/>
						<line number="2824" hits="1"/>
						<line number="2825" hits="1"/>
						<line number="2827" hits="1"/>
						<line number="2828" hits="1"/>
						<line number="2829" hits="1"/>
						<line number="2830" hits="1"/>
						<line number="2832" hits="1"/>
						<line number="2845" hits="1"/>
						<line number="2847" hits="1"/>
						<line number="2848" hits="1"/>
						<line number="2849" hits="1"/>
						<line number="2852" hits="1"/>
						<line number="2853" hits="1"/>
						<line number="2854" hits="1"/>
						<line number="2855" hits="1"/>
						<line number="2856" hits="0"/>
						<line number="2859" hits="1"/>
						<line number="2862" hits="1"/>
						<line number="2867" hits="1"/>
						<line number="2868" hits="1"/>
						<line number="2869" hits="1"/>
						<line number="2870" hits="1"/>
						<line number="2871" hits="1"/>
						<line number="2872" hits="1"/>
						<line number="2873" hits="1"/>
						<line number="2874" hits="1"/>
						<line number="2875" hits="1"/>
						<line number="2876" hits="1"/>
						<line number="2877" hits="0"/>
						<line number="2878" hits="0"/>
						<line number="2879" hits="1"/>
						<line number="2880" hits="0"/>
						<line number="2881" hits="1"/>
						<line number="2882" hits="1"/>
						<line number="2883" hits="1"/>
						<line number="2884" hits="1"/>
						<line number="2885" hits="1"/>
						<line number="2887" hits="1"/>
						<line number="2888" hits="1"/>
						<line number="2889" hits="1"/>
						<line number="2890" hits="1"/>
						<line number="2893" hits="0"/>
						<line number="2894" hits="0"/>
						<line number="2895" hits="1"/>
						<line number="2898" hits="1"/>
						<line number="2900" hits="1"/>
						<line number="2901" hits="1"/>
						<line number="2904" hits="1"/>
						<line number="2906" hits="1"/>
						<line number="2907" hits="1"/>
						<line number="2908" hits="1"/>
						<line number="2909" hits="1"/>
						<line number="2910" hits="1"/>
						<line number="2911" hits="1"/>
						<line number="2912" hits="1"/>
						<line number="2915" hits="1"/>
						<line number="2918" hits="1"/>
						<line number="2919" hits="1"/>
						<line number="2920" hits="1"/>
						<line number="2923" hits="1"/>
						<line number="2925" hits="1"/>
						<line number="2926" hits="1"/>
						<line number="2927" hits="1"/>
						<line number="2928" hits="1"/>
						<line number="2929" hits="1"/>
						<line number="2931" hits="1"/>
						<line number="2932" hits="0"/>
						<line number="2933" hits="1"/>
						<line number="2936" hits="1"/>
						<line number="2938" hits="1"/>
						<line number="2939" hits="1"/>
						<line number="2940" hits="1"/>
						<line number="2941" hits="1"/>
						<line number="2942" hits="1"/>
						<line number="2943" hits="1"/>
						<line number="2944" hits="1"/>
						<line number="2945" hits="1"/>
						<line number="2948" hits="1"/>
						<line number="2949" hits="1"/>
						<line number="2950" hits="1"/>
						<line number="2951" hits="1"/>
						<line number="2952" hits="1"/>
						<line number="2953" hits="1"/>
						<line number="2954" hits="1"/>
						<line number="2955" hits="1"/>
						<line number="2963" hits="1"/>
						<line number="2964" hits="1"/>
						<line number="2965" hits="1"/>
						<line number="2969" hits="1"/>
						<line number="2972" hits="1"/>
						<line number="2973" hits="1"/>
						<line number="2975" hits="1"/>
						<line number="2976" hits="1"/>
						<line number="2977" hits="1"/>
						<line number="2979" hits="1"/>
						<line number="2980" hits="1"/>
						<line number="2981" hits="1"/>
						<line number="2983" hits="1"/>
						<line number="2984" hits="1"/>
						<line number="2985" hits="1"/>
						<line number="2986" hits="1"/>
						<line number="2987" hits="1"/>
						<line number="2988" hits="1"/>
						<line number="2989" hits="1"/>
						<line number="2992" hits="1"/>
						<line number="2994" hits="1"/>
						<line number="2995" hits="0"/>
						<line number="3000" hits="1"/>
						<line number="3001" hits="1"/>
						<line number="3002" hits="1"/>
						<line number="3003" hits="1"/>
						<line number="3004" hits="1"/>
						<line number="3005" hits="1"/>
						<line number="3025" hits="1"/>
						<line number="3028" hits="1"/>
						<line number="3033" hits="1"/>
						<line number="3034" hits="1"/>
						<line number="3035" hits="1"/>
						<line number="3036" hits="1"/>
						<line number="3037" hits="1"/>
						<line number="3038" hits="1"/>
						<line number="3039" hits="1"/>
						<line number="3040" hits="1"/>
						<line number="3041" hits="1"/>
						<line number="3042" hits="1"/>
						<line number="3043" hits="1"/>
						<line number="3046" hits="1"/>
						<line number="3051" hits="1"/>
						<line number="3052" hits="1"/>
						<line number="3053" hits="1"/>
						<line number="3054" hits="1"/>
						<line number="3062" hits="1"/>
						<line number="3068" hits="1"/>
						<line number="3077" hits="1"/>
						<line number="3079" hits="1"/>
						<line number="3086" hits="1"/>
						<line number="3106" hits="1"/>
						<line number="3107" hits="1"/>
						<line number="3108" hits="1"/>
						<line number="3109" hits="1"/>
						<line number="3110" hits="0"/>
						<line number="3111" hits="1"/>
						<line number="3112" hits="1"/>
						<line number="3113" hits="0"/>
						<line number="3114" hits="1"/>
						<line number="3115" hits="1"/>
						<line number="3116" hits="0"/>
						<line number="3117" hits="1"/>
						<line number="3118" hits="1"/>
						<line number="3121" hits="1"/>
						<line number="3122" hits="1"/>
						<line number="3123" hits="1"/>
						<line number="3127" hits="1"/>
						<line number="3128" hits="1"/>
						<line number="3129" hits="1"/>
						<line number="3130" hits="1"/>
						<line number="3131" hits="1"/>
						<line number="3132" hits="0"/>
						<line number="3133" hits="1"/>
						<line number="3134" hits="1"/>
						<line number="3135" hits="1"/>
						<line number="3136" hits="1"/>
						<line number="3147" hits="1"/>
						<line number="3148" hits="1"/>
						<line number="3149" hits="1"/>
						<line number="3154" hits="1"/>
						<line number="3161" hits="1"/>
						<line number="3162" hits="1"/>
						<line number="3163" hits="1"/>
						<line number="3164" hits="1"/>
						<line number="3165" hits="1"/>
						<line number="3175" hits="1"/>
						<line number="3176" hits="1"/>
						<line number="3177" hits="1"/>
						<line number="3178" hits="1"/>
						<line number="3179" hits="1"/>
						<line number="3180" hits="1"/>
						<line number="3181" hits="1"/>
						<line number="3182" hits="1"/>
						<line number="3183" hits="0"/>
						<line number="3185" hits="1"/>
						<line number="3186" hits="1"/>
						<line number="3187" hits="1"/>
						<line number="3189" hits="1"/>
						<line number="3190" hits="1"/>
						<line number="3191" hits="0"/>
						<line number="3192" hits="0"/>
						<line number="3193" hits="0"/>
						<line number="3194" hits="0"/>
						<line number="3195" hits="0"/>
						<line number="3198" hits="1"/>
						<line number="3203" hits="1"/>
						<line number="3206" hits="1"/>
						<line number="3210" hits="1"/>
						<line number="3211" hits="0"/>
						<line number="3212" hits="1"/>
						<line number="3213" hits="1"/>
						<line number="3214" hits="1"/>
						<line number="3215" hits="1"/>
						<line number="3219" hits="1"/>
						<line number="3226" hits="1"/>
						<line number="3241" hits="1"/>
						<line number="3242" hits="1"/>
						<line number="3243" hits="1"/>
						<line number="3245" hits="1"/>
						<line number="3246" hits="1"/>
						<line number="3247" hits="1"/>
						<line number="3248" hits="1"/>
						<line number="3249" hits="1"/>
						<line number="3250" hits="1"/>
						<line number="3253" hits="1"/>
						<line number="3254" hits="1"/>
						<line number="3257" hits="1"/>
						<line number="3258" hits="1"/>
						<line number="3259" hits="1"/>
						<line number="3260" hits="1"/>
						<line number="3263" hits="1"/>
						<line number="3264" hits="1"/>
						<line number="3267" hits="1"/>
						<line number="3268" hits="1"/>
						<line number="3269" hits="0"/>
						<line number="3270" hits="1"/>
						<line number="3271" hits="1"/>
						<line number="3272" hits="0"/>
						<line number="3273" hits="1"/>
						<line number="3274" hits="1"/>
						<line number="3275" hits="0"/>
						<line number="3276" hits="0"/>
						<line number="3279" hits="1"/>
						<line number="3280" hits="1"/>
						<line number="3281" hits="1"/>
						<line number="3282" hits="1"/>
						<line number="3283" hits="1"/>
						<line number="3285" hits="1"/>
						<line number="3286" hits="1"/>
						<line number="3287" hits="1"/>
						<line number="3288" hits="0"/>
						<line number="3289" hits="1"/>
						<line number="3290" hits="1"/>
						<line number="3291" hits="1"/>
						<line number="3292" hits="0"/>
						<line number="3294" hits="1"/>
						<line number="3295" hits="1"/>
						<line number="3305" hits="1"/>
						<line number="3306" hits="1"/>
						<line number="3307" hits="1"/>
						<line number="3315" hits="1"/>
						<line number="3322" hits="1"/>
						<line number="3323" hits="1"/>
						<line number="3324" hits="1"/>
						<line number="3325" hits="1"/>
						<line number="3326" hits="1"/>
						<line number="3327" hits="1"/>
						<line number="3328" hits="0"/>
						<line number="3329" hits="1"/>
						<line number="3330" hits="1"/>
						<line number="3331" hits="0"/>
						<line number="3332" hits="0"/>
						<line number="3333" hits="1"/>
						<line number="3334" hits="1"/>
						<line number="3335" hits="1"/>
						<line number="3336" hits="1"/>
						<line number="3337" hits="1"/>
						<line number="3338" hits="1"/>
						<line number="3339" hits="1"/>
						<line number="3340" hits="1"/>
						<line number="3341" hits="1"/>
						<line number="3342" hits="1"/>
						<line number="3343" hits="1"/>
						<line number="3344" hits="1"/>
						<line number="3345" hits="1"/>
						<line number="3346" hits="1"/>
						<line number="3349" hits="1"/>
						<line number="3354" hits="1"/>
						<line number="3355" hits="1"/>
						<line number="3356" hits="1"/>
						<line number="3357" hits="1"/>
						<line number="3358" hits="1"/>
						<line number="3362" hits="1"/>
						<line number="3363" hits="1"/>
						<line number="3364" hits="1"/>
						<line number="3365" hits="1"/>
						<line number="3366" hits="1"/>
						<line number="3367" hits="1"/>
						<line number="3368" hits="1"/>
						<line number="3369" hits="1"/>
						<line number="3370" hits="0"/>
						<line number="3371" hits="0"/>
						<line number="3372" hits="1"/>
						<line number="3374" hits="1"/>
						<line number="3375" hits="1"/>
						<line number="3376" hits="1"/>
						<line number="3379" hits="1"/>
						<line number="3380" hits="1"/>
						<line number="3383" hits="1"/>
						<line number="3384" hits="1"/>
						<line number="3391" hits="1"/>
						<line number="3392" hits="1"/>
						<line number="3395" hits="1"/>
						<line number="3396" hits="1"/>
						<line number="3397" hits="1"/>
						<line number="3398" hits="1"/>
						<line number="3399" hits="1"/>
						<line number="3400" hits="1"/>
						<line number="3401" hits="0"/>
						<line number="3402" hits="1"/>
						<line number="3403" hits="1"/>
						<line number="3404" hits="1"/>
						<line number="3415" hits="1"/>
						<line number="3416" hits="1"/>
						<line number="3417" hits="1"/>
						<line number="3418" hits="1"/>
						<line number="3419" hits="1"/>
						<line number="3420" hits="1"/>
						<line number="3422" hits="1"/>
						<line number="3428" hits="1"/>
						<line number="3429" hits="1"/>
						<line number="3430" hits="1"/>
						<line number="3431" hits="1"/>
						<line number="3432" hits="1"/>
						<line number="3433" hits="1"/>
						<line number="3434" hits="1"/>
						<line number="3435" hits="1"/>
						<line number="3436" hits="0"/>
						<line number="3437" hits="1"/>
						<line number="3438" hits="0"/>
						<line number="3439" hits="1"/>
						<line number="3444" hits="1"/>
						<line number="3445" hits="1"/>
						<line number="3446" hits="1"/>
						<line number="3447" hits="1"/>
						<line number="3448" hits="1"/>
						<line number="3454" hits="1"/>
						<line number="3455" hits="1"/>
						<line number="3456" hits="1"/>
						<line number="3457" hits="1"/>
						<line number="3458" hits="1"/>
						<line number="3460" hits="1"/>
						<line number="3464" hits="1"/>
						<line number="3468" hits="1"/>
						<line number="3471" hits="1"/>
						<line number="3472" hits="1"/>
						<line number="3473" hits="1"/>
						<line number="3490" hits="1"/>
						<line number="3491" hits="1"/>
						<line number="3492" hits="1"/>
						<line number="3493" hits="0"/>
						<line number="3495" hits="0"/>
						<line number="3496" hits="0"/>
						<line number="3497" hits="0"/>
						<line number="3498" hits="0"/>
						<line number="3503" hits="1"/>
						<line number="3504" hits="1"/>
						<line number="3505" hits="1"/>
						<line number="3506" hits="1"/>
						<line number="3507" hits="1"/>
						<line number="3508" hits="1"/>
						<line number="3509" hits="1"/>
						<line number="3510" hits="1"/>
						<line number="3511" hits="1"/>
						<line number="3512" hits="1"/>
						<line number="3513" hits="1"/>
						<line number="3514" hits="1"/>
						<line number="3516" hits="1"/>
						<line number="3517" hits="1"/>
						<line number="3520" hits="1"/>
						<line number="3521" hits="1"/>
						<line number="3522" hits="1"/>
						<line number="3523" hits="1"/>
						<line number="3524" hits="1"/>
						<line number="3529" hits="1"/>
						<line number="3530" hits="1"/>
						<line number="3531" hits="1"/>
						<line number="3532" hits="1"/>
						<line number="3533" hits="1"/>
						<line number="3535" hits="1"/>
						<line number="3536" hits="1"/>
						<line number="3537" hits="1"/>
						<line number="3538" hits="1"/>
						<line number="3539" hits="1"/>
						<line number="3540" hits="1"/>
						<line number="3542" hits="1"/>
						<line number="3543" hits="1"/>
						<line number="3544" hits="1"/>
						<line number="3548" hits="1"/>
						<line number="3549" hits="1"/>
						<line number="3550" hits="1"/>
						<line number="3551" hits="1"/>
						<line number="3552" hits="1"/>
						<line number="3554" hits="1"/>
						<line number="3556" hits="1"/>
						<line number="3557" hits="1"/>
						<line number="3558" hits="1"/>
						<line number="3560" hits="1"/>
						<line number="3564" hits="1"/>
						<line number="3570" hits="1"/>
						<line number="3572" hits="1"/>
						<line number="3573" hits="0"/>
						<line number="3576" hits="1"/>
						<line number="3580" hits="1"/>
						<line number="3581" hits="1"/>
						<line number="3582" hits="1"/>
						<line number="3583" hits="1"/>
						<line number="3584" hits="1"/>
						<line number="3585" hits="1"/>
						<line number="3586" hits="1"/>
						<line number="3587" hits="1"/>
						<line number="3589" hits="1"/>
						<line number="3590" hits="1"/>
						<line number="3591" hits="1"/>
						<line number="3592" hits="1"/>
						<line number="3593" hits="1"/>
						<line number="3594" hits="1"/>
						<line number="3595" hits="1"/>
						<line number="3599" hits="1"/>
						<line number="3600" hits="1"/>
						<line number="3601" hits="1"/>
						<line number="3603" hits="1"/>
						<line number="3605" hits="1"/>
						<line number="3608" hits="1"/>
						<line number="3609" hits="1"/>
						<line number="3612" hits="1"/>
						<line number="3613" hits="1"/>
						<line number="3616" hits="1"/>
						<line number="3617" hits="1"/>
						<line number="3623" hits="1"/>
						<line number="3624" hits="1"/>
						<line number="3625" hits="1"/>
						<line number="3626" hits="1"/>
						<line number="3627" hits="1"/>
						<line number="3629" hits="1"/>
						<line number="3630" hits="1"/>
						<line number="3631" hits="1"/>
						<line number="3633" hits="0"/>
						<line number="3635" hits="1"/>
						<line number="3637" hits="1"/>
						<line number="3639" hits="1"/>
						<line number="3640" hits="1"/>
						<line number="3641" hits="1"/>
						<line number="3642" hits="1"/>
						<line number="3650" hits="1"/>
						<line number="3651" hits="1"/>
						<line number="3652" hits="1"/>
						<line number="3653" hits="1"/>
						<line number="3654" hits="1"/>
						<line number="3655" hits="1"/>
						<line number="3656" hits="1"/>
						<line number="3658" hits="1"/>
						<line number="3659" hits="0"/>
						<line number="3660" hits="1"/>
						<line number="3661" hits="1"/>
						<line number="3663" hits="1"/>
						<line number="3664" hits="1"/>
						<line number="3666" hits="1"/>
						<line number="3667" hits="1"/>
						<line number="3669" hits="1"/>
						<line number="3670" hits="1"/>
						<line number="3674" hits="1"/>
						<line number="3676" hits="1"/>
						<line number="3677" hits="1"/>
						<line number="3680" hits="1"/>
						<line number="3681" hits="1"/>
						<line number="3682" hits="1"/>
						<line number="3683" hits="1"/>
						<line number="3684" hits="1"/>
						<line number="3686" hits="1"/>
						<line number="3687" hits="1"/>
						<line number="3688" hits="1"/>
						<line number="3691" hits="1"/>
[...]
						<line number="5574" hits="1"/>
						<line number="5575" hits="1"/>
						<line number="5576" hits="1"/>
						<line number="5577" hits="1"/>
						<line number="5578" hits="1"/>
						<line number="5579" hits="1"/>
						<line number="5580" hits="1"/>
						<line number="5581" hits="1"/>
						<line number="5583" hits="1"/>
						<line number="5586" hits="1"/>
						<line number="5589" hits="0"/>
						<line number="5590" hits="0"/>
						<line number="5591" hits="0"/>
						<line number="5592" hits="0"/>
						<line number="5593" hits="0"/>
						<line number="5594" hits="0"/>
						<line number="5595" hits="0"/>
						<line number="5596" hits="0"/>
						<line number="5597" hits="0"/>
						<line number="5600" hits="1"/>
						<line number="5603" hits="1"/>
						<line number="5604" hits="1"/>
						<line number="5607" hits="1"/>
						<line number="5608" hits="1"/>
						<line number="5609" hits="1"/>
						<line number="5610" hits="1"/>
						<line number="5611" hits="1"/>
						<line number="5612" hits="1"/>
						<line number="5613" hits="0"/>
						<line number="5614" hits="0"/>
						<line number="5615" hits="0"/>
						<line number="5616" hits="1"/>
						<line number="5617" hits="1"/>
						<line number="5618" hits="0"/>
						<line number="5620" hits="0"/>
						<line number="5621" hits="1"/>
						<line number="5622" hits="1"/>
						<line number="5623" hits="1"/>
						<line number="5624" hits="0"/>
						<line number="5625" hits="1"/>
						<line number="5626" hits="1"/>
						<line number="5628" hits="0"/>
						<line number="5629" hits="1"/>
						<line number="5630" hits="1"/>
						<line number="5631" hits="0"/>
						<line number="5632" hits="1"/>
						<line number="5633" hits="1"/>
						<line number="5636" hits="1"/>
						<line number="5637" hits="1"/>
						<line number="5638" hits="0"/>
						<line number="5639" hits="1"/>
						<line number="5640" hits="1"/>
						<line number="5641" hits="1"/>
						<line number="5642" hits="1"/>
						<line number="5643" hits="0"/>
						<line number="5644" hits="0"/>
						<line number="5646" hits="1"/>
						<line number="5647" hits="1"/>
						<line number="5648" hits="1"/>
						<line number="5649" hits="1"/>
						<line number="5650" hits="1"/>
						<line number="5651" hits="1"/>
						<line number="5652" hits="1"/>
						<line number="5655" hits="1"/>
						<line number="5656" hits="1"/>
						<line number="5657" hits="1"/>
						<line number="5658" hits="1"/>
						<line number="5659" hits="1"/>
						<line number="5660" hits="1"/>
						<line number="5661" hits="0"/>
						<line number="5662" hits="1"/>
						<line number="5663" hits="1"/>
						<line number="5666" hits="1"/>
						<line number="5667" hits="1"/>
						<line number="5668" hits="1"/>
						<line number="5669" hits="1"/>
						<line number="5670" hits="1"/>
						<line number="5671" hits="1"/>
						<line number="5672" hits="1"/>
						<line number="5673" hits="1"/>
						<line number="5674" hits="1"/>
						<line number="5675" hits="1"/>
						<line number="5676" hits="1"/>
						<line number="5677" hits="1"/>
						<line number="5678" hits="1"/>
						<line number="5679" hits="1"/>
						<line number="5680" hits="1"/>
						<line number="5681" hits="0"/>
						<line number="5682" hits="1"/>
						<line number="5683" hits="1"/>
						<line number="5687" hits="1"/>
						<line number="5688" hits="1"/>
						<line number="5689" hits="1"/>
						<line number="5690" hits="1"/>
						<line number="5691" hits="1"/>
						<line number="5692" hits="1"/>
						<line number="5693" hits="1"/>
						<line number="5694" hits="1"/>
						<line number="5695" hits="1"/>
						<line number="5696" hits="1"/>
						<line number="5697" hits="0"/>
						<line number="5698" hits="0"/>
						<line number="5699" hits="0"/>
						<line number="5700" hits="0"/>
						<line number="5701" hits="1"/>
						<line number="5702" hits="1"/>
						<line number="5703" hits="1"/>
						<line number="5706" hits="0"/>
						<line number="5710" hits="0"/>
						<line number="5711" hits="0"/>
						<line number="5713" hits="0"/>
						<line number="5714" hits="0"/>
						<line number="5716" hits="1"/>
						<line number="5720" hits="1"/>
						<line number="5721" hits="1"/>
						<line number="5722" hits="0"/>
						<line number="5726" hits="1"/>
						<line number="5728" hits="1"/>
						<line number="5729" hits="1"/>
						<line number="5730" hits="1"/>
						<line number="5731" hits="1"/>
						<line number="5740" hits="1"/>
						<line number="5741" hits="1"/>
						<line number="5742" hits="1"/>
						<line number="5743" hits="1"/>
						<line number="5744" hits="1"/>
						<line number="5745" hits="1"/>
						<line number="5747" hits="1"/>
						<line number="5748" hits="1"/>
						<line number="5749" hits="1"/>
						<line number="5750" hits="0"/>
						<line number="5751" hits="1"/>
						<line number="5752" hits="0"/>
						<line number="5755" hits="1"/>
						<line number="5756" hits="1"/>
						<line number="5768" hits="1"/>
						<line number="5773" hits="1"/>
						<line number="5777" hits="1"/>
						<line number="5789" hits="1"/>
						<line number="5792" hits="1"/>
						<line number="5797" hits="1"/>
						<line number="5798" hits="1"/>
						<line number="5799" hits="1"/>
						<line number="5800" hits="0"/>
						<line number="5801" hits="0"/>
						<line number="5802" hits="1"/>
						<line number="5803" hits="1"/>
						<line number="5806" hits="1"/>
						<line number="5807" hits="1"/>
						<line number="5809" hits="1"/>
						<line number="5810" hits="1"/>
						<line number="5812" hits="1"/>
						<line number="5813" hits="1"/>
						<line number="5815" hits="1"/>
						<line number="5816" hits="1"/>
						<line number="5819" hits="1"/>
						<line number="5820" hits="1"/>
						<line number="5821" hits="1"/>
						<line number="5823" hits="0"/>
						<line number="5825" hits="1"/>
						<line number="5826" hits="1"/>
						<line number="5828" hits="0"/>
						<line number="5831" hits="1"/>
						<line number="5832" hits="1"/>
						<line number="5833" hits="1"/>
						<line number="5837" hits="1"/>
						<line number="5838" hits="1"/>
						<line number="5841" hits="1"/>
						<line number="5842" hits="1"/>
						<line number="5843" hits="1"/>
						<line number="5846" hits="1"/>
						<line number="5849" hits="1"/>
						<line number="5850" hits="1"/>
						<line number="5851" hits="1"/>
						<line number="5852" hits="1"/>
						<line number="5853" hits="1"/>
						<line number="5854" hits="0"/>
						<line number="5855" hits="0"/>
						<line number="5856" hits="1"/>
						<line number="5857" hits="1"/>
						<line number="5858" hits="1"/>
						<line number="5859" hits="1"/>
						<line number="5860" hits="0"/>
						<line number="5861" hits="0"/>
						<line number="5862" hits="0"/>
						<line number="5863" hits="1"/>
						<line number="5864" hits="1"/>
						<line number="5867" hits="0"/>
						<line number="5868" hits="0"/>
						<line number="5872" hits="0"/>
						<line number="5873" hits="0"/>
						<line number="5876" hits="1"/>
						<line number="5877" hits="1"/>
						<line number="5879" hits="1"/>
						<line number="5880" hits="1"/>
						<line number="5883" hits="1"/>
						<line number="5885" hits="1"/>
						<line number="5887" hits="0"/>
						<line number="5888" hits="1"/>
						<line number="5889" hits="1"/>
						<line number="5890" hits="1"/>
						<line number="5892" hits="0"/>
						<line number="5893" hits="0"/>
						<line number="5897" hits="0"/>
						<line number="5898" hits="0"/>
						<line number="5901" hits="0"/>
						<line number="5905" hits="1"/>
						<line number="5906" hits="1"/>
						<line number="5907" hits="1"/>
						<line number="5908" hits="1"/>
						<line number="5909" hits="1"/>
						<line number="5910" hits="1"/>
						<line number="5911" hits="1"/>
						<line number="5912" hits="1"/>
						<line number="5913" hits="1"/>
						<line number="5914" hits="1"/>
						<line number="5915" hits="1"/>
						<line number="5916" hits="1"/>
						<line number="5917" hits="1"/>
						<line number="5918" hits="1"/>
						<line number="5919" hits="0"/>
						<line number="5920" hits="0"/>
						<line number="5925" hits="0"/>
						<line number="5926" hits="0"/>
						<line number="5927" hits="0"/>
						<line number="5928" hits="1"/>
						<line number="5929" hits="1"/>
						<line number="5930" hits="1"/>
						<line number="5931" hits="1"/>
						<line number="5932" hits="0"/>
						<line number="5933" hits="1"/>
						<line number="5936" hits="0"/>
						<line number="5937" hits="1"/>
						<line number="5938" hits="1"/>
						<line number="5940" hits="1"/>
						<line number="5943" hits="1"/>
						<line number="5944" hits="1"/>
						<line number="5945" hits="0"/>
						<line number="5946" hits="0"/>
						<line number="5947" hits="0"/>
						<line number="5948" hits="0"/>
						<line number="5951" hits="0"/>
						<line number="5954" hits="0"/>
						<line number="5957" hits="1"/>
						<line number="5958" hits="1"/>
						<line number="5959" hits="1"/>
						<line number="5960" hits="1"/>
						<line number="5961" hits="1"/>
						<line number="5962" hits="1"/>
						<line number="5963" hits="1"/>
						<line number="5964" hits="0"/>
						<line number="5965" hits="0"/>
						<line number="5967" hits="0"/>
						<line number="5973" hits="1"/>
						<line number="5976" hits="1"/>
						<line number="5977" hits="0"/>
						<line number="5979" hits="1"/>
						<line number="5985" hits="1"/>
						<line number="5986" hits="1"/>
						<line number="5987" hits="1"/>
						<line number="5988" hits="1"/>
						<line number="5990" hits="1"/>
						<line number="5996" hits="1"/>
						<line number="5997" hits="1"/>
						<line number="5998" hits="1"/>
						<line number="5999" hits="1"/>
						<line number="6000" hits="1"/>
						<line number="6001" hits="1"/>
						<line number="6002" hits="1"/>
						<line number="6003" hits="1"/>
						<line number="6005" hits="1"/>
						<line number="6011" hits="1"/>
						<line number="6012" hits="1"/>
						<line number="6013" hits="1"/>
						<line number="6015" hits="1"/>
						<line number="6019" hits="1"/>
						<line number="6021" hits="1"/>
						<line number="6022" hits="1"/>
						<line number="6023" hits="1"/>
						<line number="6025" hits="1"/>
						<line number="6029" hits="1"/>
						<line number="6030" hits="1"/>
						<line number="6031" hits="1"/>
						<line number="6033" hits="1"/>
						<line number="6035" hits="1"/>
						<line number="6036" hits="1"/>
						<line number="6039" hits="1"/>
						<line number="6040" hits="1"/>
						<line number="6042" hits="1"/>
						<line number="6043" hits="1"/>
						<line number="6044" hits="1"/>
						<line number="6045" hits="1"/>
						<line number="6047" hits="1"/>
						<line number="6048" hits="1"/>
						<line number="6050" hits="1"/>
						<line number="6051" hits="1"/>
						<line number="6052" hits="1"/>
						<line number="6053" hits="1"/>
						<line number="6054" hits="1"/>
						<line number="6056" hits="1"/>
						<line number="6057" hits="1"/>
						<line number="6058" hits="1"/>
						<line number="6059" hits="1"/>
						<line number="6060" hits="1"/>
						<line number="6062" hits="1"/>
						<line number="6063" hits="1"/>
						<line number="6064" hits="1"/>
						<line number="6065" hits="1"/>
						<line number="6066" hits="1"/>
						<line number="6067" hits="1"/>
						<line number="6068" hits="1"/>
						<line number="6069" hits="1"/>
						<line number="6070" hits="1"/>
						<line number="6071" hits="1"/>
						<line number="6072" hits="1"/>
						<line number="6073" hits="1"/>
						<line number="6074" hits="1"/>
						<line number="6076" hits="1"/>
						<line number="6077" hits="1"/>
						<line number="6079" hits="1"/>
						<line number="6082" hits="1"/>
						<line number="6083" hits="1"/>
						<line number="6084" hits="1"/>
						<line number="6085" hits="1"/>
						<line number="6086" hits="1"/>
						<line number="6087" hits="1"/>
						<line number="6088" hits="1"/>
						<line number="6090" hits="1"/>
						<line number="6092" hits="1"/>
						<line number="6094" hits="1"/>
						<line number="6096" hits="1"/>
						<line number="6098" hits="1"/>
						<line number="6100" hits="1"/>
						<line number="6102" hits="1"/>
						<line number="6104" hits="1"/>
						<line number="6106" hits="1"/>
						<line number="6108" hits="1"/>
						<line number="6111" hits="1"/>
						<line number="6113" hits="1"/>
						<line number="6114" hits="1"/>
						<line number="6116" hits="1"/>
						<line number="6120" hits="1"/>
						<line number="6121" hits="1"/>
						<line number="6122" hits="1"/>
						<line number="6125" hits="1"/>
						<line number="6126" hits="1"/>
						<line number="6127" hits="1"/>
						<line number="6129" hits="1"/>
						<line number="6130" hits="1"/>
						<line number="6131" hits="1"/>
						<line number="6132" hits="1"/>
						<line number="6133" hits="1"/>
						<line number="6135" hits="1"/>
						<line number="6136" hits="1"/>
						<line number="6137" hits="1"/>
						<line number="6138" hits="1"/>
						<line number="6139" hits="1"/>
						<line number="6141" hits="1"/>
						<line number="6142" hits="1"/>
						<line number="6143" hits="1"/>
						<line number="6144" hits="1"/>
						<line number="6145" hits="1"/>
						<line number="6147" hits="1"/>
						<line number="6150" hits="1"/>
						<line number="6151" hits="1"/>
						<line number="6152" hits="1"/>
						<line number="6153" hits="1"/>
						<line number="6155" hits="1"/>
						<line number="6159" hits="1"/>
						<line number="6160" hits="1"/>
						<line number="6161" hits="1"/>
						<line number="6162" hits="1"/>
						<line number="6165" hits="1"/>
						<line number="6166" hits="1"/>
						<line number="6168" hits="1"/>
						<line number="6169" hits="1"/>
						<line number="6171" hits="1"/>
						<line number="6175" hits="1"/>
						<line number="6176" hits="1"/>
						<line number="6177" hits="1"/>
						<line number="6179" hits="1"/>
						<line number="6180" hits="1"/>
						<line number="6182" hits="1"/>
						<line number="6184" hits="1"/>
						<line number="6188" hits="1"/>
						<line number="6190" hits="1"/>
						<line number="6193" hits="1"/>
						<line number="6194" hits="1"/>
						<line number="6195" hits="1"/>
						<line number="6196" hits="1"/>
						<line number="6197" hits="1"/>
						<line number="6199" hits="1"/>
						<line number="6200" hits="1"/>
						<line number="6202" hits="1"/>
						<line number="6203" hits="1"/>
						<line number="6204" hits="1"/>
						<line number="6206" hits="1"/>
						<line number="6209" hits="1"/>
						<line number="6210" hits="1"/>
						<line number="6211" hits="1"/>
						<line number="6212" hits="1"/>
						<line number="6214" hits="1"/>
						<line number="6215" hits="1"/>
						<line number="6216" hits="1"/>
						<line number="6217" hits="1"/>
						<line number="6218" hits="1"/>
						<line number="6220" hits="1"/>
						<line number="6221" hits="1"/>
						<line number="6223" hits="1"/>
						<line number="6226" hits="1"/>
						<line number="6227" hits="1"/>
						<line number="6228" hits="1"/>
						<line number="6229" hits="1"/>
						<line number="6230" hits="1"/>
						<line number="6231" hits="1"/>
						<line number="6232" hits="1"/>
						<line number="6233" hits="1"/>
						<line number="6234" hits="1"/>
						<line number="6235" hits="1"/>
						<line number="6236" hits="1"/>
						<line number="6238" hits="1"/>
						<line number="6239" hits="1"/>
						<line number="6241" hits="1"/>
						<line number="6245" hits="1"/>
						<line number="6246" hits="1"/>
						<line number="6247" hits="1"/>
						<line number="6250" hits="1"/>
						<line number="6251" hits="1"/>
						<line number="6253" hits="1"/>
						<line number="6254" hits="1"/>
						<line number="6256" hits="1"/>
						<line number="6257" hits="1"/>
						<line number="6259" hits="1"/>
						<line number="6260" hits="1"/>
						<line number="6261" hits="1"/>
						<line number="6262" hits="1"/>
						<line number="6264" hits="1"/>
						<line number="6265" hits="1"/>
						<line number="6266" hits="1"/>
						<line number="6269" hits="1"/>
						<line number="6271" hits="1"/>
						<line number="6272" hits="1"/>
						<line number="6273" hits="1"/>
						<line number="6277" hits="1"/>
						<line number="6281" hits="1"/>
						<line number="6283" hits="1"/>
						<line number="6286" hits="1"/>
						<line number="6287" hits="1"/>
						<line number="6290" hits="1"/>
						<line number="6291" hits="1"/>
						<line number="6293" hits="1"/>
						<line number="6296" hits="1"/>
						<line number="6297" hits="1"/>
						<line number="6299" hits="1"/>
						<line number="6300" hits="1"/>
						<line number="6301" hits="1"/>
						<line number="6303" hits="1"/>
						<line number="6304" hits="1"/>
						<line number="6306" hits="1"/>
						<line number="6309" hits="1"/>
						<line number="6310" hits="1"/>
						<line number="6312" hits="1"/>
						<line number="6314" hits="1"/>
						<line number="6316" hits="1"/>
						<line number="6318" hits="1"/>
						<line number="6320" hits="1"/>
						<line number="6322" hits="1"/>
						<line number="6323" hits="1"/>
						<line number="6325" hits="1"/>
						<line number="6328" hits="1"/>
						<line number="6329" hits="1"/>
						<line number="6331" hits="1"/>
						<line number="6332" hits="1"/>
						<line number="6334" hits="1"/>
						<line number="6335" hits="1"/>
						<line number="6336" hits="1"/>
						<line number="6337" hits="1"/>
						<line number="6338" hits="1"/>
						<line number="6339" hits="1"/>
						<line number="6340" hits="1"/>
						<line number="6342" hits="1"/>
						<line number="6343" hits="1"/>
						<line number="6344" hits="1"/>
						<line number="6346" hits="1"/>
						<line number="6351" hits="1"/>
						<line number="6352" hits="1"/>
						<line number="6354" hits="1"/>
						<line number="6355" hits="1"/>
						<line number="6357" hits="1"/>
						<line number="6359" hits="1"/>
						<line number="6361" hits="1"/>
						<line number="6363" hits="1"/>
						<line number="6364" hits="1"/>
						<line number="6366" hits="1"/>
						<line number="6369" hits="1"/>
						<line number="6371" hits="1"/>
						<line number="6373" hits="1"/>
						<line number="6374" hits="1"/>
						<line number="6375" hits="1"/>
						<line number="6377" hits="1"/>
						<line number="6381" hits="1"/>
						<line number="6382" hits="1"/>
						<line number="6384" hits="1"/>
						<line number="6385" hits="1"/>
						<line number="6388" hits="1"/>
						<line number="6390" hits="1"/>
						<line number="6393" hits="1"/>
						<line number="6394" hits="1"/>
						<line number="6396" hits="1"/>
						<line number="6399" hits="1"/>
						<line number="6401" hits="1"/>
						<line number="6404" hits="1"/>
						<line number="6408" hits="1"/>
						<line number="6410" hits="1"/>
						<line number="6411" hits="1"/>
						<line number="6413" hits="1"/>
						<line number="6416" hits="1"/>
						<line number="6417" hits="1"/>
						<line number="6419" hits="1"/>
						<line number="6420" hits="1"/>
						<line number="6422" hits="1"/>
						<line number="6425" hits="1"/>
						<line number="6428" hits="1"/>
						<line number="6429" hits="1"/>
						<line number="6430" hits="1"/>
						<line number="6431" hits="0"/>
						<line number="6432" hits="0"/>
						<line number="6433" hits="1"/>
						<line number="6434" hits="1"/>
						<line number="6435" hits="1"/>
						<line number="6436" hits="1"/>
						<line number="6438" hits="0"/>
						<line number="6439" hits="0"/>
						<line number="6440" hits="0"/>
						<line number="6441" hits="0"/>
						<line number="6442" hits="0"/>
						<line number="6445" hits="1"/>
						<line number="6446" hits="1"/>
					</lines>
				</class>
			</classes>
		</package>
	</packages>
</coverage>
